Info: *******************************************************************
Info: Running Quartus Prime Analysis & Synthesis
    Info: Version 20.1.1 Build 720 11/11/2020 SJ Standard Edition
    Info: Copyright (C) 2020  Intel Corporation. All rights reserved.
    Info: Your use of Intel Corporation's design tools, logic functions 
    Info: and other software and tools, and any partner logic 
    Info: functions, and any output files from any of the foregoing 
    Info: (including device programming or simulation files), and any 
    Info: associated documentation or information are expressly subject 
    Info: to the terms and conditions of the Intel Program License 
    Info: Subscription Agreement, the Intel Quartus Prime License Agreement,
    Info: the Intel FPGA IP License Agreement, or other applicable license
    Info: agreement, including, without limitation, that your use is for
    Info: the sole purpose of programming logic devices manufactured by
    Info: Intel and sold by Intel or its authorized distributors.  Please
    Info: refer to the applicable agreement for further details, at
    Info: https://fpgasoftware.intel.com/eula.
    Info: Processing started: Sun Nov  2 11:06:03 2025
Info: Command: quartus_map --read_settings_files=on --write_settings_files=off toolflow -c toolflow
Warning (18236): Number of processors has not been specified which may cause overloading on shared machines.  Set the global assignment NUM_PARALLEL_PROCESSORS in your QSF to an appropriate value for best performance.
Info (20030): Parallel compilation is enabled and will use 12 of the 12 processors detected
Info (12021): Found 2 design units, including 0 entities, in source file /home/ltolsen/cpre3810/RISC-V-Single-cycle-Processor/cpre3810-toolflow/proj/src/RISCV_types.vhd
    Info (12022): Found design unit 1: RISCV_types File: /home/ltolsen/cpre3810/RISC-V-Single-cycle-Processor/cpre3810-toolflow/proj/src/RISCV_types.vhd Line: 15
    Info (12022): Found design unit 2: RISCV_types-body File: /home/ltolsen/cpre3810/RISC-V-Single-cycle-Processor/cpre3810-toolflow/proj/src/RISCV_types.vhd Line: 29
Info (12021): Found 2 design units, including 1 entities, in source file /home/ltolsen/cpre3810/RISC-V-Single-cycle-Processor/cpre3810-toolflow/proj/src/TopLevel/ALU.vhd
    Info (12022): Found design unit 1: ALU-structural File: /home/ltolsen/cpre3810/RISC-V-Single-cycle-Processor/cpre3810-toolflow/proj/src/TopLevel/ALU.vhd Line: 29
    Info (12023): Found entity 1: ALU File: /home/ltolsen/cpre3810/RISC-V-Single-cycle-Processor/cpre3810-toolflow/proj/src/TopLevel/ALU.vhd Line: 18
Info (12021): Found 2 design units, including 1 entities, in source file /home/ltolsen/cpre3810/RISC-V-Single-cycle-Processor/cpre3810-toolflow/proj/src/TopLevel/BarrelShifter.vhd
    Info (12022): Found design unit 1: barrelShifter-structural File: /home/ltolsen/cpre3810/RISC-V-Single-cycle-Processor/cpre3810-toolflow/proj/src/TopLevel/BarrelShifter.vhd Line: 23
    Info (12023): Found entity 1: barrelShifter File: /home/ltolsen/cpre3810/RISC-V-Single-cycle-Processor/cpre3810-toolflow/proj/src/TopLevel/BarrelShifter.vhd Line: 14
Info (12021): Found 2 design units, including 1 entities, in source file /home/ltolsen/cpre3810/RISC-V-Single-cycle-Processor/cpre3810-toolflow/proj/src/TopLevel/ControlUnit.vhd
    Info (12022): Found design unit 1: controlUnit-dataflow File: /home/ltolsen/cpre3810/RISC-V-Single-cycle-Processor/cpre3810-toolflow/proj/src/TopLevel/ControlUnit.vhd Line: 25
    Info (12023): Found entity 1: controlUnit File: /home/ltolsen/cpre3810/RISC-V-Single-cycle-Processor/cpre3810-toolflow/proj/src/TopLevel/ControlUnit.vhd Line: 8
Info (12021): Found 2 design units, including 1 entities, in source file /home/ltolsen/cpre3810/RISC-V-Single-cycle-Processor/cpre3810-toolflow/proj/src/TopLevel/FetchLogic.vhd
    Info (12022): Found design unit 1: FetchLogic-structure File: /home/ltolsen/cpre3810/RISC-V-Single-cycle-Processor/cpre3810-toolflow/proj/src/TopLevel/FetchLogic.vhd Line: 31
    Info (12023): Found entity 1: FetchLogic File: /home/ltolsen/cpre3810/RISC-V-Single-cycle-Processor/cpre3810-toolflow/proj/src/TopLevel/FetchLogic.vhd Line: 17
Info (12021): Found 2 design units, including 1 entities, in source file /home/ltolsen/cpre3810/RISC-V-Single-cycle-Processor/cpre3810-toolflow/proj/src/TopLevel/Full_Adder.vhd
    Info (12022): Found design unit 1: Full_Adder-structure File: /home/ltolsen/cpre3810/RISC-V-Single-cycle-Processor/cpre3810-toolflow/proj/src/TopLevel/Full_Adder.vhd Line: 25
    Info (12023): Found entity 1: Full_Adder File: /home/ltolsen/cpre3810/RISC-V-Single-cycle-Processor/cpre3810-toolflow/proj/src/TopLevel/Full_Adder.vhd Line: 16
Info (12021): Found 2 design units, including 1 entities, in source file /home/ltolsen/cpre3810/RISC-V-Single-cycle-Processor/cpre3810-toolflow/proj/src/TopLevel/ImmGen.vhd
    Info (12022): Found design unit 1: ImmGen-behavioral File: /home/ltolsen/cpre3810/RISC-V-Single-cycle-Processor/cpre3810-toolflow/proj/src/TopLevel/ImmGen.vhd Line: 16
    Info (12023): Found entity 1: ImmGen File: /home/ltolsen/cpre3810/RISC-V-Single-cycle-Processor/cpre3810-toolflow/proj/src/TopLevel/ImmGen.vhd Line: 8
Info (12021): Found 2 design units, including 1 entities, in source file /home/ltolsen/cpre3810/RISC-V-Single-cycle-Processor/cpre3810-toolflow/proj/src/TopLevel/InstructionMemory.vhd
    Info (12022): Found design unit 1: InstructionMemory-behavioral File: /home/ltolsen/cpre3810/RISC-V-Single-cycle-Processor/cpre3810-toolflow/proj/src/TopLevel/InstructionMemory.vhd Line: 25
    Info (12023): Found entity 1: InstructionMemory File: /home/ltolsen/cpre3810/RISC-V-Single-cycle-Processor/cpre3810-toolflow/proj/src/TopLevel/InstructionMemory.vhd Line: 16
Info (12021): Found 2 design units, including 1 entities, in source file /home/ltolsen/cpre3810/RISC-V-Single-cycle-Processor/cpre3810-toolflow/proj/src/TopLevel/N_Full_Adder.vhd
    Info (12022): Found design unit 1: N_Full_Adder-structure File: /home/ltolsen/cpre3810/RISC-V-Single-cycle-Processor/cpre3810-toolflow/proj/src/TopLevel/N_Full_Adder.vhd Line: 26
    Info (12023): Found entity 1: N_Full_Adder File: /home/ltolsen/cpre3810/RISC-V-Single-cycle-Processor/cpre3810-toolflow/proj/src/TopLevel/N_Full_Adder.vhd Line: 16
Info (12021): Found 2 design units, including 1 entities, in source file /home/ltolsen/cpre3810/RISC-V-Single-cycle-Processor/cpre3810-toolflow/proj/src/TopLevel/ProgramCounter.vhd
    Info (12022): Found design unit 1: ProgramCounter-behavioral File: /home/ltolsen/cpre3810/RISC-V-Single-cycle-Processor/cpre3810-toolflow/proj/src/TopLevel/ProgramCounter.vhd Line: 24
    Info (12023): Found entity 1: ProgramCounter File: /home/ltolsen/cpre3810/RISC-V-Single-cycle-Processor/cpre3810-toolflow/proj/src/TopLevel/ProgramCounter.vhd Line: 15
Info (12021): Found 2 design units, including 1 entities, in source file /home/ltolsen/cpre3810/RISC-V-Single-cycle-Processor/cpre3810-toolflow/proj/src/TopLevel/RISCV_Processor.vhd
    Info (12022): Found design unit 1: RISCV_Processor-structure File: /home/ltolsen/cpre3810/RISC-V-Single-cycle-Processor/cpre3810-toolflow/proj/src/TopLevel/RISCV_Processor.vhd Line: 33
    Info (12023): Found entity 1: RISCV_Processor File: /home/ltolsen/cpre3810/RISC-V-Single-cycle-Processor/cpre3810-toolflow/proj/src/TopLevel/RISCV_Processor.vhd Line: 21
Info (12021): Found 2 design units, including 1 entities, in source file /home/ltolsen/cpre3810/RISC-V-Single-cycle-Processor/cpre3810-toolflow/proj/src/TopLevel/Reg.vhd
    Info (12022): Found design unit 1: Reg-behavior File: /home/ltolsen/cpre3810/RISC-V-Single-cycle-Processor/cpre3810-toolflow/proj/src/TopLevel/Reg.vhd Line: 33
    Info (12023): Found entity 1: Reg File: /home/ltolsen/cpre3810/RISC-V-Single-cycle-Processor/cpre3810-toolflow/proj/src/TopLevel/Reg.vhd Line: 23
Info (12021): Found 2 design units, including 1 entities, in source file /home/ltolsen/cpre3810/RISC-V-Single-cycle-Processor/cpre3810-toolflow/proj/src/TopLevel/Reg_N.vhd
    Info (12022): Found design unit 1: Reg_N-structure File: /home/ltolsen/cpre3810/RISC-V-Single-cycle-Processor/cpre3810-toolflow/proj/src/TopLevel/Reg_N.vhd Line: 31
    Info (12023): Found entity 1: Reg_N File: /home/ltolsen/cpre3810/RISC-V-Single-cycle-Processor/cpre3810-toolflow/proj/src/TopLevel/Reg_N.vhd Line: 20
Info (12021): Found 2 design units, including 1 entities, in source file /home/ltolsen/cpre3810/RISC-V-Single-cycle-Processor/cpre3810-toolflow/proj/src/TopLevel/RegisterFile.vhd
    Info (12022): Found design unit 1: RegisterFile-regFile File: /home/ltolsen/cpre3810/RISC-V-Single-cycle-Processor/cpre3810-toolflow/proj/src/TopLevel/RegisterFile.vhd Line: 30
    Info (12023): Found entity 1: RegisterFile File: /home/ltolsen/cpre3810/RISC-V-Single-cycle-Processor/cpre3810-toolflow/proj/src/TopLevel/RegisterFile.vhd Line: 16
Info (12021): Found 2 design units, including 1 entities, in source file /home/ltolsen/cpre3810/RISC-V-Single-cycle-Processor/cpre3810-toolflow/proj/src/TopLevel/andg2.vhd
    Info (12022): Found design unit 1: andg2-dataflow File: /home/ltolsen/cpre3810/RISC-V-Single-cycle-Processor/cpre3810-toolflow/proj/src/TopLevel/andg2.vhd Line: 31
    Info (12023): Found entity 1: andg2 File: /home/ltolsen/cpre3810/RISC-V-Single-cycle-Processor/cpre3810-toolflow/proj/src/TopLevel/andg2.vhd Line: 23
Info (12021): Found 2 design units, including 1 entities, in source file /home/ltolsen/cpre3810/RISC-V-Single-cycle-Processor/cpre3810-toolflow/proj/src/TopLevel/branch_comp.vhd
    Info (12022): Found design unit 1: branch_comp-dataflow File: /home/ltolsen/cpre3810/RISC-V-Single-cycle-Processor/cpre3810-toolflow/proj/src/TopLevel/branch_comp.vhd Line: 18
    Info (12023): Found entity 1: branch_comp File: /home/ltolsen/cpre3810/RISC-V-Single-cycle-Processor/cpre3810-toolflow/proj/src/TopLevel/branch_comp.vhd Line: 8
Info (12021): Found 2 design units, including 1 entities, in source file /home/ltolsen/cpre3810/RISC-V-Single-cycle-Processor/cpre3810-toolflow/proj/src/TopLevel/decoder_5to32.vhd
    Info (12022): Found design unit 1: decoder_5to32-behavior File: /home/ltolsen/cpre3810/RISC-V-Single-cycle-Processor/cpre3810-toolflow/proj/src/TopLevel/decoder_5to32.vhd Line: 28
    Info (12023): Found entity 1: decoder_5to32 File: /home/ltolsen/cpre3810/RISC-V-Single-cycle-Processor/cpre3810-toolflow/proj/src/TopLevel/decoder_5to32.vhd Line: 21
Info (12021): Found 2 design units, including 1 entities, in source file /home/ltolsen/cpre3810/RISC-V-Single-cycle-Processor/cpre3810-toolflow/proj/src/TopLevel/dffg.vhd
    Info (12022): Found design unit 1: dffg-mixed File: /home/ltolsen/cpre3810/RISC-V-Single-cycle-Processor/cpre3810-toolflow/proj/src/TopLevel/dffg.vhd Line: 33
    Info (12023): Found entity 1: dffg File: /home/ltolsen/cpre3810/RISC-V-Single-cycle-Processor/cpre3810-toolflow/proj/src/TopLevel/dffg.vhd Line: 23
Info (12021): Found 2 design units, including 1 entities, in source file /home/ltolsen/cpre3810/RISC-V-Single-cycle-Processor/cpre3810-toolflow/proj/src/TopLevel/invg.vhd
    Info (12022): Found design unit 1: invg-dataflow File: /home/ltolsen/cpre3810/RISC-V-Single-cycle-Processor/cpre3810-toolflow/proj/src/TopLevel/invg.vhd Line: 30
    Info (12023): Found entity 1: invg File: /home/ltolsen/cpre3810/RISC-V-Single-cycle-Processor/cpre3810-toolflow/proj/src/TopLevel/invg.vhd Line: 23
Info (12021): Found 2 design units, including 1 entities, in source file /home/ltolsen/cpre3810/RISC-V-Single-cycle-Processor/cpre3810-toolflow/proj/src/TopLevel/mem.vhd
    Info (12022): Found design unit 1: mem-rtl File: /home/ltolsen/cpre3810/RISC-V-Single-cycle-Processor/cpre3810-toolflow/proj/src/TopLevel/mem.vhd Line: 28
    Info (12023): Found entity 1: mem File: /home/ltolsen/cpre3810/RISC-V-Single-cycle-Processor/cpre3810-toolflow/proj/src/TopLevel/mem.vhd Line: 9
Info (12021): Found 2 design units, including 1 entities, in source file /home/ltolsen/cpre3810/RISC-V-Single-cycle-Processor/cpre3810-toolflow/proj/src/TopLevel/mux2t1.vhd
    Info (12022): Found design unit 1: mux2t1-structural File: /home/ltolsen/cpre3810/RISC-V-Single-cycle-Processor/cpre3810-toolflow/proj/src/TopLevel/mux2t1.vhd Line: 22
    Info (12023): Found entity 1: mux2t1 File: /home/ltolsen/cpre3810/RISC-V-Single-cycle-Processor/cpre3810-toolflow/proj/src/TopLevel/mux2t1.vhd Line: 15
Info (12021): Found 2 design units, including 1 entities, in source file /home/ltolsen/cpre3810/RISC-V-Single-cycle-Processor/cpre3810-toolflow/proj/src/TopLevel/mux2t1_N.vhd
    Info (12022): Found design unit 1: mux2t1_N-structural File: /home/ltolsen/cpre3810/RISC-V-Single-cycle-Processor/cpre3810-toolflow/proj/src/TopLevel/mux2t1_N.vhd Line: 29
    Info (12023): Found entity 1: mux2t1_N File: /home/ltolsen/cpre3810/RISC-V-Single-cycle-Processor/cpre3810-toolflow/proj/src/TopLevel/mux2t1_N.vhd Line: 19
Info (12021): Found 2 design units, including 1 entities, in source file /home/ltolsen/cpre3810/RISC-V-Single-cycle-Processor/cpre3810-toolflow/proj/src/TopLevel/mux32t1_N.vhd
    Info (12022): Found design unit 1: mux32t1_N-structural File: /home/ltolsen/cpre3810/RISC-V-Single-cycle-Processor/cpre3810-toolflow/proj/src/TopLevel/mux32t1_N.vhd Line: 56
    Info (12023): Found entity 1: mux32t1_N File: /home/ltolsen/cpre3810/RISC-V-Single-cycle-Processor/cpre3810-toolflow/proj/src/TopLevel/mux32t1_N.vhd Line: 16
Info (12021): Found 2 design units, including 1 entities, in source file /home/ltolsen/cpre3810/RISC-V-Single-cycle-Processor/cpre3810-toolflow/proj/src/TopLevel/mux3t1_N.vhd
    Info (12022): Found design unit 1: mux3t1_N-behavioral File: /home/ltolsen/cpre3810/RISC-V-Single-cycle-Processor/cpre3810-toolflow/proj/src/TopLevel/mux3t1_N.vhd Line: 20
    Info (12023): Found entity 1: mux3t1_N File: /home/ltolsen/cpre3810/RISC-V-Single-cycle-Processor/cpre3810-toolflow/proj/src/TopLevel/mux3t1_N.vhd Line: 10
Info (12021): Found 2 design units, including 1 entities, in source file /home/ltolsen/cpre3810/RISC-V-Single-cycle-Processor/cpre3810-toolflow/proj/src/TopLevel/mux4t1_N.vhd
    Info (12022): Found design unit 1: mux4t1_N-structural File: /home/ltolsen/cpre3810/RISC-V-Single-cycle-Processor/cpre3810-toolflow/proj/src/TopLevel/mux4t1_N.vhd Line: 29
    Info (12023): Found entity 1: mux4t1_N File: /home/ltolsen/cpre3810/RISC-V-Single-cycle-Processor/cpre3810-toolflow/proj/src/TopLevel/mux4t1_N.vhd Line: 17
Info (12021): Found 2 design units, including 1 entities, in source file /home/ltolsen/cpre3810/RISC-V-Single-cycle-Processor/cpre3810-toolflow/proj/src/TopLevel/nAdd_Sub.vhd
    Info (12022): Found design unit 1: nAdd_Sub-structure File: /home/ltolsen/cpre3810/RISC-V-Single-cycle-Processor/cpre3810-toolflow/proj/src/TopLevel/nAdd_Sub.vhd Line: 25
    Info (12023): Found entity 1: nAdd_Sub File: /home/ltolsen/cpre3810/RISC-V-Single-cycle-Processor/cpre3810-toolflow/proj/src/TopLevel/nAdd_Sub.vhd Line: 15
Info (12021): Found 2 design units, including 1 entities, in source file /home/ltolsen/cpre3810/RISC-V-Single-cycle-Processor/cpre3810-toolflow/proj/src/TopLevel/org2.vhd
    Info (12022): Found design unit 1: org2-dataflow File: /home/ltolsen/cpre3810/RISC-V-Single-cycle-Processor/cpre3810-toolflow/proj/src/TopLevel/org2.vhd Line: 31
    Info (12023): Found entity 1: org2 File: /home/ltolsen/cpre3810/RISC-V-Single-cycle-Processor/cpre3810-toolflow/proj/src/TopLevel/org2.vhd Line: 23
Info (12021): Found 2 design units, including 1 entities, in source file /home/ltolsen/cpre3810/RISC-V-Single-cycle-Processor/cpre3810-toolflow/proj/src/TopLevel/xorg2.vhd
    Info (12022): Found design unit 1: xorg2-dataflow File: /home/ltolsen/cpre3810/RISC-V-Single-cycle-Processor/cpre3810-toolflow/proj/src/TopLevel/xorg2.vhd Line: 31
    Info (12023): Found entity 1: xorg2 File: /home/ltolsen/cpre3810/RISC-V-Single-cycle-Processor/cpre3810-toolflow/proj/src/TopLevel/xorg2.vhd Line: 23
Info (12127): Elaborating entity "RISCV_Processor" for the top level hierarchy
Warning (10036): Verilog HDL or VHDL warning at RISCV_Processor.vhd(52): object "s_Halt" assigned a value but never read File: /home/ltolsen/cpre3810/RISC-V-Single-cycle-Processor/cpre3810-toolflow/proj/src/TopLevel/RISCV_Processor.vhd Line: 52
Warning (10036): Verilog HDL or VHDL warning at RISCV_Processor.vhd(55): object "s_Ovfl" assigned a value but never read File: /home/ltolsen/cpre3810/RISC-V-Single-cycle-Processor/cpre3810-toolflow/proj/src/TopLevel/RISCV_Processor.vhd Line: 55
Warning (10036): Verilog HDL or VHDL warning at RISCV_Processor.vhd(85): object "s_ALUzero" assigned a value but never read File: /home/ltolsen/cpre3810/RISC-V-Single-cycle-Processor/cpre3810-toolflow/proj/src/TopLevel/RISCV_Processor.vhd Line: 85
Info (12128): Elaborating entity "FetchLogic" for hierarchy "FetchLogic:FL" File: /home/ltolsen/cpre3810/RISC-V-Single-cycle-Processor/cpre3810-toolflow/proj/src/TopLevel/RISCV_Processor.vhd Line: 211
Info (12128): Elaborating entity "ProgramCounter" for hierarchy "FetchLogic:FL|ProgramCounter:PC" File: /home/ltolsen/cpre3810/RISC-V-Single-cycle-Processor/cpre3810-toolflow/proj/src/TopLevel/FetchLogic.vhd Line: 53
Info (12128): Elaborating entity "mem" for hierarchy "mem:IMem" File: /home/ltolsen/cpre3810/RISC-V-Single-cycle-Processor/cpre3810-toolflow/proj/src/TopLevel/RISCV_Processor.vhd Line: 224
Info (12128): Elaborating entity "controlUnit" for hierarchy "controlUnit:CU" File: /home/ltolsen/cpre3810/RISC-V-Single-cycle-Processor/cpre3810-toolflow/proj/src/TopLevel/RISCV_Processor.vhd Line: 234
Info (12128): Elaborating entity "RegisterFile" for hierarchy "RegisterFile:RF" File: /home/ltolsen/cpre3810/RISC-V-Single-cycle-Processor/cpre3810-toolflow/proj/src/TopLevel/RISCV_Processor.vhd Line: 250
Info (12128): Elaborating entity "decoder_5to32" for hierarchy "RegisterFile:RF|decoder_5to32:Decoder" File: /home/ltolsen/cpre3810/RISC-V-Single-cycle-Processor/cpre3810-toolflow/proj/src/TopLevel/RegisterFile.vhd Line: 103
Info (12128): Elaborating entity "Reg_N" for hierarchy "RegisterFile:RF|Reg_N:\gen_registers:0:REG" File: /home/ltolsen/cpre3810/RISC-V-Single-cycle-Processor/cpre3810-toolflow/proj/src/TopLevel/RegisterFile.vhd Line: 115
Info (12128): Elaborating entity "dffg" for hierarchy "RegisterFile:RF|Reg_N:\gen_registers:0:REG|dffg:\G_Nbit_Reg:0:Reg_N" File: /home/ltolsen/cpre3810/RISC-V-Single-cycle-Processor/cpre3810-toolflow/proj/src/TopLevel/Reg_N.vhd Line: 43
Info (12128): Elaborating entity "mux32t1_N" for hierarchy "RegisterFile:RF|mux32t1_N:mux_1" File: /home/ltolsen/cpre3810/RISC-V-Single-cycle-Processor/cpre3810-toolflow/proj/src/TopLevel/RegisterFile.vhd Line: 127
Info (12128): Elaborating entity "mux4t1_N" for hierarchy "RegisterFile:RF|mux32t1_N:mux_1|mux4t1_N:\gen_stage1:0:MUX4_STAGE1" File: /home/ltolsen/cpre3810/RISC-V-Single-cycle-Processor/cpre3810-toolflow/proj/src/TopLevel/mux32t1_N.vhd Line: 100
Info (12128): Elaborating entity "mux2t1" for hierarchy "RegisterFile:RF|mux32t1_N:mux_1|mux4t1_N:\gen_stage1:0:MUX4_STAGE1|mux2t1:\G_LOW:0:MUXI_LOW" File: /home/ltolsen/cpre3810/RISC-V-Single-cycle-Processor/cpre3810-toolflow/proj/src/TopLevel/mux4t1_N.vhd Line: 41
Info (12128): Elaborating entity "andg2" for hierarchy "RegisterFile:RF|mux32t1_N:mux_1|mux4t1_N:\gen_stage1:0:MUX4_STAGE1|mux2t1:\G_LOW:0:MUXI_LOW|andg2:g_and1" File: /home/ltolsen/cpre3810/RISC-V-Single-cycle-Processor/cpre3810-toolflow/proj/src/TopLevel/mux2t1.vhd Line: 47
Info (12128): Elaborating entity "invg" for hierarchy "RegisterFile:RF|mux32t1_N:mux_1|mux4t1_N:\gen_stage1:0:MUX4_STAGE1|mux2t1:\G_LOW:0:MUXI_LOW|invg:g_not" File: /home/ltolsen/cpre3810/RISC-V-Single-cycle-Processor/cpre3810-toolflow/proj/src/TopLevel/mux2t1.vhd Line: 57
Info (12128): Elaborating entity "org2" for hierarchy "RegisterFile:RF|mux32t1_N:mux_1|mux4t1_N:\gen_stage1:0:MUX4_STAGE1|mux2t1:\G_LOW:0:MUXI_LOW|org2:g_or" File: /home/ltolsen/cpre3810/RISC-V-Single-cycle-Processor/cpre3810-toolflow/proj/src/TopLevel/mux2t1.vhd Line: 61
Info (12128): Elaborating entity "mux2t1_N" for hierarchy "RegisterFile:RF|mux32t1_N:mux_1|mux2t1_N:MUX_FINAL" File: /home/ltolsen/cpre3810/RISC-V-Single-cycle-Processor/cpre3810-toolflow/proj/src/TopLevel/mux32t1_N.vhd Line: 126
Info (12128): Elaborating entity "ImmGen" for hierarchy "ImmGen:IG" File: /home/ltolsen/cpre3810/RISC-V-Single-cycle-Processor/cpre3810-toolflow/proj/src/TopLevel/RISCV_Processor.vhd Line: 264
Info (12128): Elaborating entity "branch_comp" for hierarchy "branch_comp:bc" File: /home/ltolsen/cpre3810/RISC-V-Single-cycle-Processor/cpre3810-toolflow/proj/src/TopLevel/RISCV_Processor.vhd Line: 271
Info (12128): Elaborating entity "mux2t1_N" for hierarchy "mux2t1_N:AMUX" File: /home/ltolsen/cpre3810/RISC-V-Single-cycle-Processor/cpre3810-toolflow/proj/src/TopLevel/RISCV_Processor.vhd Line: 281
Info (12128): Elaborating entity "ALU" for hierarchy "ALU:Arith_Logic_Unit" File: /home/ltolsen/cpre3810/RISC-V-Single-cycle-Processor/cpre3810-toolflow/proj/src/TopLevel/RISCV_Processor.vhd Line: 297
Warning (10492): VHDL Process Statement warning at ALU.vhd(225): signal "zero_result" is read inside the Process Statement but isn't in the Process Statement's sensitivity list File: /home/ltolsen/cpre3810/RISC-V-Single-cycle-Processor/cpre3810-toolflow/proj/src/TopLevel/ALU.vhd Line: 225
Info (12128): Elaborating entity "xorg2" for hierarchy "ALU:Arith_Logic_Unit|xorg2:\xor_gen:0:xor_inst" File: /home/ltolsen/cpre3810/RISC-V-Single-cycle-Processor/cpre3810-toolflow/proj/src/TopLevel/ALU.vhd Line: 125
Info (12128): Elaborating entity "nAdd_Sub" for hierarchy "ALU:Arith_Logic_Unit|nAdd_Sub:add_inst" File: /home/ltolsen/cpre3810/RISC-V-Single-cycle-Processor/cpre3810-toolflow/proj/src/TopLevel/ALU.vhd Line: 134
Info (12128): Elaborating entity "N_Full_Adder" for hierarchy "ALU:Arith_Logic_Unit|nAdd_Sub:add_inst|N_Full_Adder:adder_inst" File: /home/ltolsen/cpre3810/RISC-V-Single-cycle-Processor/cpre3810-toolflow/proj/src/TopLevel/nAdd_Sub.vhd Line: 72
Info (12128): Elaborating entity "Full_Adder" for hierarchy "ALU:Arith_Logic_Unit|nAdd_Sub:add_inst|N_Full_Adder:adder_inst|Full_Adder:\gen_adders:0:ADDI" File: /home/ltolsen/cpre3810/RISC-V-Single-cycle-Processor/cpre3810-toolflow/proj/src/TopLevel/N_Full_Adder.vhd Line: 43
Info (12128): Elaborating entity "barrelShifter" for hierarchy "ALU:Arith_Logic_Unit|barrelShifter:sll_inst" File: /home/ltolsen/cpre3810/RISC-V-Single-cycle-Processor/cpre3810-toolflow/proj/src/TopLevel/ALU.vhd Line: 182
Info (276014): Found 2 instances of uninferred RAM logic
    Info (276007): RAM logic "mem:IMem|ram" is uninferred due to asynchronous read logic File: /home/ltolsen/cpre3810/RISC-V-Single-cycle-Processor/cpre3810-toolflow/proj/src/TopLevel/mem.vhd Line: 36
    Info (276007): RAM logic "mem:DMem|ram" is uninferred due to asynchronous read logic File: /home/ltolsen/cpre3810/RISC-V-Single-cycle-Processor/cpre3810-toolflow/proj/src/TopLevel/mem.vhd Line: 36
Warning (276002): Cannot convert all sets of registers into RAM megafunctions when creating nodes; therefore, the resulting number of registers remaining in design can cause longer compilation time or result in insufficient memory to complete Analysis and Synthesis
Info (286030): Timing-Driven Synthesis is running
Critical Warning (18061): Ignored Power-Up Level option on the following registers
    Critical Warning (18010): Register FetchLogic:FL|ProgramCounter:PC|pc_reg[22] will power up to High File: /home/ltolsen/cpre3810/RISC-V-Single-cycle-Processor/cpre3810-toolflow/proj/src/TopLevel/ProgramCounter.vhd Line: 29
Info (16010): Generating hard_block partition "hard_block:auto_generated_inst"
    Info (16011): Adding 0 node(s), including 0 DDIO, 0 PLL, 0 transceiver and 0 LCELL
Warning (21074): Design contains 22 input pin(s) that do not drive logic
    Warning (15610): No output dependent on input pin "iInstAddr[0]" File: /home/ltolsen/cpre3810/RISC-V-Single-cycle-Processor/cpre3810-toolflow/proj/src/TopLevel/RISCV_Processor.vhd Line: 26
    Warning (15610): No output dependent on input pin "iInstAddr[1]" File: /home/ltolsen/cpre3810/RISC-V-Single-cycle-Processor/cpre3810-toolflow/proj/src/TopLevel/RISCV_Processor.vhd Line: 26
    Warning (15610): No output dependent on input pin "iInstAddr[12]" File: /home/ltolsen/cpre3810/RISC-V-Single-cycle-Processor/cpre3810-toolflow/proj/src/TopLevel/RISCV_Processor.vhd Line: 26
    Warning (15610): No output dependent on input pin "iInstAddr[13]" File: /home/ltolsen/cpre3810/RISC-V-Single-cycle-Processor/cpre3810-toolflow/proj/src/TopLevel/RISCV_Processor.vhd Line: 26
    Warning (15610): No output dependent on input pin "iInstAddr[14]" File: /home/ltolsen/cpre3810/RISC-V-Single-cycle-Processor/cpre3810-toolflow/proj/src/TopLevel/RISCV_Processor.vhd Line: 26
    Warning (15610): No output dependent on input pin "iInstAddr[15]" File: /home/ltolsen/cpre3810/RISC-V-Single-cycle-Processor/cpre3810-toolflow/proj/src/TopLevel/RISCV_Processor.vhd Line: 26
    Warning (15610): No output dependent on input pin "iInstAddr[16]" File: /home/ltolsen/cpre3810/RISC-V-Single-cycle-Processor/cpre3810-toolflow/proj/src/TopLevel/RISCV_Processor.vhd Line: 26
    Warning (15610): No output dependent on input pin "iInstAddr[17]" File: /home/ltolsen/cpre3810/RISC-V-Single-cycle-Processor/cpre3810-toolflow/proj/src/TopLevel/RISCV_Processor.vhd Line: 26
    Warning (15610): No output dependent on input pin "iInstAddr[18]" File: /home/ltolsen/cpre3810/RISC-V-Single-cycle-Processor/cpre3810-toolflow/proj/src/TopLevel/RISCV_Processor.vhd Line: 26
    Warning (15610): No output dependent on input pin "iInstAddr[19]" File: /home/ltolsen/cpre3810/RISC-V-Single-cycle-Processor/cpre3810-toolflow/proj/src/TopLevel/RISCV_Processor.vhd Line: 26
    Warning (15610): No output dependent on input pin "iInstAddr[20]" File: /home/ltolsen/cpre3810/RISC-V-Single-cycle-Processor/cpre3810-toolflow/proj/src/TopLevel/RISCV_Processor.vhd Line: 26
    Warning (15610): No output dependent on input pin "iInstAddr[21]" File: /home/ltolsen/cpre3810/RISC-V-Single-cycle-Processor/cpre3810-toolflow/proj/src/TopLevel/RISCV_Processor.vhd Line: 26
    Warning (15610): No output dependent on input pin "iInstAddr[22]" File: /home/ltolsen/cpre3810/RISC-V-Single-cycle-Processor/cpre3810-toolflow/proj/src/TopLevel/RISCV_Processor.vhd Line: 26
    Warning (15610): No output dependent on input pin "iInstAddr[23]" File: /home/ltolsen/cpre3810/RISC-V-Single-cycle-Processor/cpre3810-toolflow/proj/src/TopLevel/RISCV_Processor.vhd Line: 26
    Warning (15610): No output dependent on input pin "iInstAddr[24]" File: /home/ltolsen/cpre3810/RISC-V-Single-cycle-Processor/cpre3810-toolflow/proj/src/TopLevel/RISCV_Processor.vhd Line: 26
    Warning (15610): No output dependent on input pin "iInstAddr[25]" File: /home/ltolsen/cpre3810/RISC-V-Single-cycle-Processor/cpre3810-toolflow/proj/src/TopLevel/RISCV_Processor.vhd Line: 26
    Warning (15610): No output dependent on input pin "iInstAddr[26]" File: /home/ltolsen/cpre3810/RISC-V-Single-cycle-Processor/cpre3810-toolflow/proj/src/TopLevel/RISCV_Processor.vhd Line: 26
    Warning (15610): No output dependent on input pin "iInstAddr[27]" File: /home/ltolsen/cpre3810/RISC-V-Single-cycle-Processor/cpre3810-toolflow/proj/src/TopLevel/RISCV_Processor.vhd Line: 26
    Warning (15610): No output dependent on input pin "iInstAddr[28]" File: /home/ltolsen/cpre3810/RISC-V-Single-cycle-Processor/cpre3810-toolflow/proj/src/TopLevel/RISCV_Processor.vhd Line: 26
    Warning (15610): No output dependent on input pin "iInstAddr[29]" File: /home/ltolsen/cpre3810/RISC-V-Single-cycle-Processor/cpre3810-toolflow/proj/src/TopLevel/RISCV_Processor.vhd Line: 26
    Warning (15610): No output dependent on input pin "iInstAddr[30]" File: /home/ltolsen/cpre3810/RISC-V-Single-cycle-Processor/cpre3810-toolflow/proj/src/TopLevel/RISCV_Processor.vhd Line: 26
    Warning (15610): No output dependent on input pin "iInstAddr[31]" File: /home/ltolsen/cpre3810/RISC-V-Single-cycle-Processor/cpre3810-toolflow/proj/src/TopLevel/RISCV_Processor.vhd Line: 26
Info (21057): Implemented 115115 device resources after synthesis - the final resource count might be different
    Info (21058): Implemented 67 input pins
    Info (21059): Implemented 32 output pins
    Info (21061): Implemented 115016 logic cells
Info: Quartus Prime Analysis & Synthesis was successful. 0 errors, 31 warnings
    Info: Peak virtual memory: 1232 megabytes
    Info: Processing ended: Sun Nov  2 11:09:43 2025
    Info: Elapsed time: 00:03:40
    Info: Total CPU time (on all processors): 00:03:45
Info: *******************************************************************
Info: Running Quartus Prime Fitter
    Info: Version 20.1.1 Build 720 11/11/2020 SJ Standard Edition
    Info: Copyright (C) 2020  Intel Corporation. All rights reserved.
    Info: Your use of Intel Corporation's design tools, logic functions 
    Info: and other software and tools, and any partner logic 
    Info: functions, and any output files from any of the foregoing 
    Info: (including device programming or simulation files), and any 
    Info: associated documentation or information are expressly subject 
    Info: to the terms and conditions of the Intel Program License 
    Info: Subscription Agreement, the Intel Quartus Prime License Agreement,
    Info: the Intel FPGA IP License Agreement, or other applicable license
    Info: agreement, including, without limitation, that your use is for
    Info: the sole purpose of programming logic devices manufactured by
    Info: Intel and sold by Intel or its authorized distributors.  Please
    Info: refer to the applicable agreement for further details, at
    Info: https://fpgasoftware.intel.com/eula.
    Info: Processing started: Sun Nov  2 11:09:44 2025
Info: Command: quartus_fit --read_settings_files=on --write_settings_files=off toolflow -c toolflow
Info: qfit2_default_script.tcl version: #1
Info: Project  = toolflow
Info: Revision = toolflow
Warning (18236): Number of processors has not been specified which may cause overloading on shared machines.  Set the global assignment NUM_PARALLEL_PROCESSORS in your QSF to an appropriate value for best performance.
Info (20030): Parallel compilation is enabled and will use 12 of the 12 processors detected
Info (119006): Selected device EP4CE115F29C7 for design "toolflow"
Info (21076): High junction temperature operating condition is not set. Assuming a default value of '85'.
Info (21076): Low junction temperature operating condition is not set. Assuming a default value of '0'.
Info (171003): Fitter is performing an Auto Fit compilation, which may decrease Fitter effort to reduce compilation time
Info (176444): Device migration not selected. If you intend to use device migration later, you may need to change the pin assignments as they may be incompatible with other devices
    Info (176445): Device EP4CE40F29C7 is compatible
    Info (176445): Device EP4CE40F29I7 is compatible
    Info (176445): Device EP4CE30F29C7 is compatible
    Info (176445): Device EP4CE30F29I7 is compatible
    Info (176445): Device EP4CE55F29C7 is compatible
    Info (176445): Device EP4CE55F29I7 is compatible
    Info (176445): Device EP4CE75F29C7 is compatible
    Info (176445): Device EP4CE75F29I7 is compatible
    Info (176445): Device EP4CE115F29I7 is compatible
Info (169124): Fitter converted 5 user pins into dedicated programming pins
    Info (169125): Pin ~ALTERA_ASDO_DATA1~ is reserved at location F4
    Info (169125): Pin ~ALTERA_FLASH_nCE_nCSO~ is reserved at location E2
    Info (169125): Pin ~ALTERA_DCLK~ is reserved at location P3
    Info (169125): Pin ~ALTERA_DATA0~ is reserved at location N7
    Info (169125): Pin ~ALTERA_nCEO~ is reserved at location P28
Warning (15714): Some pins have incomplete I/O assignments. Refer to the I/O Assignment Warnings report for details
Critical Warning (169085): No exact pin location assignment(s) for 99 pins of 99 total pins. For the list of pins please refer to the I/O Assignment Warnings table in the fitter report.
Info (332104): Reading SDC File: 'toolflow.sdc'
Info (332129): Detected timing requirements -- optimizing circuit to achieve only the specified requirements
Info (332111): Found 1 clocks
    Info (332111):   Period   Clock Name
    Info (332111): ======== ============
    Info (332111):   20.000         iCLK
Info (176353): Automatically promoted node iCLK~input (placed in PIN J1 (CLK1, DIFFCLK_0n)) File: /home/ltolsen/cpre3810/RISC-V-Single-cycle-Processor/cpre3810-toolflow/proj/src/TopLevel/RISCV_Processor.vhd Line: 23
    Info (176355): Automatically promoted destinations to use location or clock signal Global Clock CLKCTRL_G2
Info (176353): Automatically promoted node iRST~input (placed in PIN Y2 (CLK2, DIFFCLK_1p)) File: /home/ltolsen/cpre3810/RISC-V-Single-cycle-Processor/cpre3810-toolflow/proj/src/TopLevel/RISCV_Processor.vhd Line: 24
    Info (176355): Automatically promoted destinations to use location or clock signal Global Clock CLKCTRL_G4
Info (176233): Starting register packing
Info (176235): Finished register packing
    Extra Info (176219): No registers were packed into other blocks
Info (176214): Statistics of I/O pins that need to be placed that use the same VCCIO and VREF, before I/O pin placement
    Info (176211): Number of I/O pins in group: 97 (unused VREF, 2.5V VCCIO, 65 input, 32 output, 0 bidirectional)
        Info (176212): I/O standards used: 2.5 V.
Info (176215): I/O bank details before I/O pin placement
    Info (176214): Statistics of I/O banks
        Info (176213): I/O bank number 1 does not use VREF pins and has undetermined VCCIO pins. 5 total pin(s) used --  51 pins available
        Info (176213): I/O bank number 2 does not use VREF pins and has undetermined VCCIO pins. 1 total pin(s) used --  62 pins available
        Info (176213): I/O bank number 3 does not use VREF pins and has undetermined VCCIO pins. 0 total pin(s) used --  73 pins available
        Info (176213): I/O bank number 4 does not use VREF pins and has undetermined VCCIO pins. 0 total pin(s) used --  71 pins available
        Info (176213): I/O bank number 5 does not use VREF pins and has undetermined VCCIO pins. 0 total pin(s) used --  65 pins available
        Info (176213): I/O bank number 6 does not use VREF pins and has undetermined VCCIO pins. 1 total pin(s) used --  57 pins available
        Info (176213): I/O bank number 7 does not use VREF pins and has undetermined VCCIO pins. 0 total pin(s) used --  72 pins available
        Info (176213): I/O bank number 8 does not use VREF pins and has undetermined VCCIO pins. 0 total pin(s) used --  71 pins available
Info (171121): Fitter preparation operations ending: elapsed time is 00:00:54
Info (14896): Fitter has disabled Advanced Physical Optimization because it is not supported for the current family.
Info (170189): Fitter placement preparation operations beginning
Info (170190): Fitter placement preparation operations ending: elapsed time is 00:00:11
Info (170191): Fitter placement operations beginning
Info (170137): Fitter placement was successful
Info (170192): Fitter placement operations ending: elapsed time is 00:02:09
Info (170193): Fitter routing operations beginning
Info (170195): Router estimated average interconnect usage is 36% of the available device resources
    Info (170196): Router estimated peak interconnect usage is 66% of the available device resources in the region that extends from location X34_Y37 to location X45_Y48
Info (170199): The Fitter performed an Auto Fit compilation.  Optimizations were skipped to reduce compilation time.
    Info (170201): Optimizations that may affect the design's routability were skipped
Info (170194): Fitter routing operations ending: elapsed time is 00:32:43
Info (11888): Total time spent on timing analysis during the Fitter is 600.00 seconds.
Info (334003): Started post-fitting delay annotation
Info (334004): Delay annotation completed successfully
Info (334003): Started post-fitting delay annotation
Info (334004): Delay annotation completed successfully
Info (11218): Fitter post-fit operations ending: elapsed time is 00:00:19
Info (144001): Generated suppressed messages file /home/ltolsen/cpre3810/RISC-V-Single-cycle-Processor/cpre3810-toolflow/internal/QuartusWork/output_files/toolflow.fit.smsg
Info: Quartus Prime Fitter was successful. 0 errors, 3 warnings
    Info: Peak virtual memory: 3552 megabytes
    Info: Processing ended: Sun Nov  2 11:46:47 2025
    Info: Elapsed time: 00:37:03
    Info: Total CPU time (on all processors): 00:50:10
Info: *******************************************************************
Info: Running Quartus Prime Assembler
    Info: Version 20.1.1 Build 720 11/11/2020 SJ Standard Edition
    Info: Copyright (C) 2020  Intel Corporation. All rights reserved.
    Info: Your use of Intel Corporation's design tools, logic functions 
    Info: and other software and tools, and any partner logic 
    Info: functions, and any output files from any of the foregoing 
    Info: (including device programming or simulation files), and any 
    Info: associated documentation or information are expressly subject 
    Info: to the terms and conditions of the Intel Program License 
    Info: Subscription Agreement, the Intel Quartus Prime License Agreement,
    Info: the Intel FPGA IP License Agreement, or other applicable license
    Info: agreement, including, without limitation, that your use is for
    Info: the sole purpose of programming logic devices manufactured by
    Info: Intel and sold by Intel or its authorized distributors.  Please
    Info: refer to the applicable agreement for further details, at
    Info: https://fpgasoftware.intel.com/eula.
    Info: Processing started: Sun Nov  2 11:46:48 2025
Info: Command: quartus_asm --read_settings_files=on --write_settings_files=off toolflow -c toolflow
Warning (18236): Number of processors has not been specified which may cause overloading on shared machines.  Set the global assignment NUM_PARALLEL_PROCESSORS in your QSF to an appropriate value for best performance.
Info (115031): Writing out detailed assembly data for power analysis
Info (115030): Assembler is generating device programming files
Info: Quartus Prime Assembler was successful. 0 errors, 1 warning
    Info: Peak virtual memory: 858 megabytes
    Info: Processing ended: Sun Nov  2 11:46:54 2025
    Info: Elapsed time: 00:00:06
    Info: Total CPU time (on all processors): 00:00:05
