[inst #1] lui x2,524288
Register Write to Reg: 0x02 Val: 0x80000000
[inst #2] addi x2,x2,-4
Register Write to Reg: 0x02 Val: 0x7FFFFFFC
[inst #3] lui x8,65552
Register Write to Reg: 0x08 Val: 0x10010000
[inst #4] addi x8,x8,4
Register Write to Reg: 0x08 Val: 0x10010004
[inst #5] lui x9,65552
Register Write to Reg: 0x09 Val: 0x10010000
[inst #6] addi x9,x9,44
Register Write to Reg: 0x09 Val: 0x1001002C
[inst #7] add x10,x0,x8
Register Write to Reg: 0x0A Val: 0x10010004
[inst #8] addi x11,x0,0
Register Write to Reg: 0x0B Val: 0x00000000
[inst #9] lui x5,65552
Register Write to Reg: 0x05 Val: 0x10010000
[inst #10] lw x5,0(x5)
Register Write to Reg: 0x05 Val: 0x0000000A
[inst #11] addi x12,x5,-1
Register Write to Reg: 0x0C Val: 0x00000009
[inst #12] jal x1,12
Register Write to Reg: 0x01 Val: 0x00400030
[inst #13] addi x2,x2,-16
Register Write to Reg: 0x02 Val: 0x7FFFFFEC
[inst #14] sw x1,0(x2)
Memory Write to Addr: 0x7FFFFFEC Val: 0x00400030
[inst #15] sw x18,4(x2)
Memory Write to Addr: 0x7FFFFFF0 Val: 0x00000000
[inst #16] sw x19,8(x2)
Memory Write to Addr: 0x7FFFFFF4 Val: 0x00000000
[inst #17] sw x20,12(x2)
Memory Write to Addr: 0x7FFFFFF8 Val: 0x00000000
[inst #18] add x19,x0,x11
Register Write to Reg: 0x13 Val: 0x00000000
[inst #19] add x20,x0,x12
Register Write to Reg: 0x14 Val: 0x00000009
[inst #20] bge x19,x20,64
[inst #21] add x5,x19,x20
Register Write to Reg: 0x05 Val: 0x00000009
[inst #22] srai x18,x5,1
Register Write to Reg: 0x12 Val: 0x00000004
[inst #23] add x10,x0,x8
Register Write to Reg: 0x0A Val: 0x10010004
[inst #24] add x11,x0,x19
Register Write to Reg: 0x0B Val: 0x00000000
[inst #25] add x12,x0,x18
Register Write to Reg: 0x0C Val: 0x00000004
[inst #26] jal x1,-52
Register Write to Reg: 0x01 Val: 0x00400070
[inst #27] addi x2,x2,-16
Register Write to Reg: 0x02 Val: 0x7FFFFFDC
[inst #28] sw x1,0(x2)
Memory Write to Addr: 0x7FFFFFDC Val: 0x00400070
[inst #29] sw x18,4(x2)
Memory Write to Addr: 0x7FFFFFE0 Val: 0x00000004
[inst #30] sw x19,8(x2)
Memory Write to Addr: 0x7FFFFFE4 Val: 0x00000000
[inst #31] sw x20,12(x2)
Memory Write to Addr: 0x7FFFFFE8 Val: 0x00000009
[inst #32] add x19,x0,x11
Register Write to Reg: 0x13 Val: 0x00000000
[inst #33] add x20,x0,x12
Register Write to Reg: 0x14 Val: 0x00000004
[inst #34] bge x19,x20,64
[inst #35] add x5,x19,x20
Register Write to Reg: 0x05 Val: 0x00000004
[inst #36] srai x18,x5,1
Register Write to Reg: 0x12 Val: 0x00000002
[inst #37] add x10,x0,x8
Register Write to Reg: 0x0A Val: 0x10010004
[inst #38] add x11,x0,x19
Register Write to Reg: 0x0B Val: 0x00000000
[inst #39] add x12,x0,x18
Register Write to Reg: 0x0C Val: 0x00000002
[inst #40] jal x1,-52
Register Write to Reg: 0x01 Val: 0x00400070
[inst #41] addi x2,x2,-16
Register Write to Reg: 0x02 Val: 0x7FFFFFCC
[inst #42] sw x1,0(x2)
Memory Write to Addr: 0x7FFFFFCC Val: 0x00400070
[inst #43] sw x18,4(x2)
Memory Write to Addr: 0x7FFFFFD0 Val: 0x00000002
[inst #44] sw x19,8(x2)
Memory Write to Addr: 0x7FFFFFD4 Val: 0x00000000
[inst #45] sw x20,12(x2)
Memory Write to Addr: 0x7FFFFFD8 Val: 0x00000004
[inst #46] add x19,x0,x11
Register Write to Reg: 0x13 Val: 0x00000000
[inst #47] add x20,x0,x12
Register Write to Reg: 0x14 Val: 0x00000002
[inst #48] bge x19,x20,64
[inst #49] add x5,x19,x20
Register Write to Reg: 0x05 Val: 0x00000002
[inst #50] srai x18,x5,1
Register Write to Reg: 0x12 Val: 0x00000001
[inst #51] add x10,x0,x8
Register Write to Reg: 0x0A Val: 0x10010004
[inst #52] add x11,x0,x19
Register Write to Reg: 0x0B Val: 0x00000000
[inst #53] add x12,x0,x18
Register Write to Reg: 0x0C Val: 0x00000001
[inst #54] jal x1,-52
Register Write to Reg: 0x01 Val: 0x00400070
[inst #55] addi x2,x2,-16
Register Write to Reg: 0x02 Val: 0x7FFFFFBC
[inst #56] sw x1,0(x2)
Memory Write to Addr: 0x7FFFFFBC Val: 0x00400070
[inst #57] sw x18,4(x2)
Memory Write to Addr: 0x7FFFFFC0 Val: 0x00000001
[inst #58] sw x19,8(x2)
Memory Write to Addr: 0x7FFFFFC4 Val: 0x00000000
[inst #59] sw x20,12(x2)
Memory Write to Addr: 0x7FFFFFC8 Val: 0x00000002
[inst #60] add x19,x0,x11
Register Write to Reg: 0x13 Val: 0x00000000
[inst #61] add x20,x0,x12
Register Write to Reg: 0x14 Val: 0x00000001
[inst #62] bge x19,x20,64
[inst #63] add x5,x19,x20
Register Write to Reg: 0x05 Val: 0x00000001
[inst #64] srai x18,x5,1
Register Write to Reg: 0x12 Val: 0x00000000
[inst #65] add x10,x0,x8
Register Write to Reg: 0x0A Val: 0x10010004
[inst #66] add x11,x0,x19
Register Write to Reg: 0x0B Val: 0x00000000
[inst #67] add x12,x0,x18
Register Write to Reg: 0x0C Val: 0x00000000
[inst #68] jal x1,-52
Register Write to Reg: 0x01 Val: 0x00400070
[inst #69] addi x2,x2,-16
Register Write to Reg: 0x02 Val: 0x7FFFFFAC
[inst #70] sw x1,0(x2)
Memory Write to Addr: 0x7FFFFFAC Val: 0x00400070
[inst #71] sw x18,4(x2)
Memory Write to Addr: 0x7FFFFFB0 Val: 0x00000000
[inst #72] sw x19,8(x2)
Memory Write to Addr: 0x7FFFFFB4 Val: 0x00000000
[inst #73] sw x20,12(x2)
Memory Write to Addr: 0x7FFFFFB8 Val: 0x00000001
[inst #74] add x19,x0,x11
Register Write to Reg: 0x13 Val: 0x00000000
[inst #75] add x20,x0,x12
Register Write to Reg: 0x14 Val: 0x00000000
[inst #76] bge x19,x20,64
[inst #77] lw x1,0(x2)
Register Write to Reg: 0x01 Val: 0x00400070
[inst #78] lw x18,4(x2)
Register Write to Reg: 0x12 Val: 0x00000000
[inst #79] lw x19,8(x2)
Register Write to Reg: 0x13 Val: 0x00000000
[inst #80] lw x20,12(x2)
Register Write to Reg: 0x14 Val: 0x00000001
[inst #81] addi x2,x2,16
Register Write to Reg: 0x02 Val: 0x7FFFFFBC
[inst #82] jalr x0,x1,0
Register Write to Reg: 0x00 Val: 0x004000AC
[inst #83] add x10,x0,x8
Register Write to Reg: 0x0A Val: 0x10010004
[inst #84] addi x11,x18,1
Register Write to Reg: 0x0B Val: 0x00000001
[inst #85] add x12,x0,x20
Register Write to Reg: 0x0C Val: 0x00000001
[inst #86] jal x1,-68
Register Write to Reg: 0x01 Val: 0x00400080
[inst #87] addi x2,x2,-16
Register Write to Reg: 0x02 Val: 0x7FFFFFAC
[inst #88] sw x1,0(x2)
Memory Write to Addr: 0x7FFFFFAC Val: 0x00400080
[inst #89] sw x18,4(x2)
Memory Write to Addr: 0x7FFFFFB0 Val: 0x00000000
[inst #90] sw x19,8(x2)
Memory Write to Addr: 0x7FFFFFB4 Val: 0x00000000
[inst #91] sw x20,12(x2)
Memory Write to Addr: 0x7FFFFFB8 Val: 0x00000001
[inst #92] add x19,x0,x11
Register Write to Reg: 0x13 Val: 0x00000001
[inst #93] add x20,x0,x12
Register Write to Reg: 0x14 Val: 0x00000001
[inst #94] bge x19,x20,64
[inst #95] lw x1,0(x2)
Register Write to Reg: 0x01 Val: 0x00400080
[inst #96] lw x18,4(x2)
Register Write to Reg: 0x12 Val: 0x00000000
[inst #97] lw x19,8(x2)
Register Write to Reg: 0x13 Val: 0x00000000
[inst #98] lw x20,12(x2)
Register Write to Reg: 0x14 Val: 0x00000001
[inst #99] addi x2,x2,16
Register Write to Reg: 0x02 Val: 0x7FFFFFBC
[inst #100] jalr x0,x1,0
Register Write to Reg: 0x00 Val: 0x004000AC
[inst #101] add x10,x0,x8
Register Write to Reg: 0x0A Val: 0x10010004
[inst #102] add x11,x0,x19
Register Write to Reg: 0x0B Val: 0x00000000
[inst #103] add x12,x0,x18
Register Write to Reg: 0x0C Val: 0x00000000
[inst #104] add x13,x0,x20
Register Write to Reg: 0x0D Val: 0x00000001
[inst #105] jal x1,28
Register Write to Reg: 0x01 Val: 0x00400094
[inst #106] addi x2,x2,-20
Register Write to Reg: 0x02 Val: 0x7FFFFFA8
[inst #107] sw x18,0(x2)
Memory Write to Addr: 0x7FFFFFA8 Val: 0x00000000
[inst #108] sw x19,4(x2)
Memory Write to Addr: 0x7FFFFFAC Val: 0x00000000
[inst #109] sw x20,8(x2)
Memory Write to Addr: 0x7FFFFFB0 Val: 0x00000001
[inst #110] sw x21,12(x2)
Memory Write to Addr: 0x7FFFFFB4 Val: 0x00000000
[inst #111] sw x22,16(x2)
Memory Write to Addr: 0x7FFFFFB8 Val: 0x00000000
[inst #112] add x18,x0,x11
Register Write to Reg: 0x12 Val: 0x00000000
[inst #113] add x19,x0,x12
Register Write to Reg: 0x13 Val: 0x00000000
[inst #114] add x20,x0,x13
Register Write to Reg: 0x14 Val: 0x00000001
[inst #115] addi x21,x19,1
Register Write to Reg: 0x15 Val: 0x00000001
[inst #116] addi x22,x20,1
Register Write to Reg: 0x16 Val: 0x00000002
[inst #117] add x5,x0,x18
Register Write to Reg: 0x05 Val: 0x00000000
[inst #118] bge x5,x22,32
[inst #119] slli x6,x5,2
Register Write to Reg: 0x06 Val: 0x00000000
[inst #120] add x7,x8,x6
Register Write to Reg: 0x07 Val: 0x10010004
[inst #121] lw x28,0(x7)
Register Write to Reg: 0x1C Val: 0x00000005
[inst #122] add x29,x9,x6
Register Write to Reg: 0x1D Val: 0x1001002C
[inst #123] sw x28,0(x29)
Memory Write to Addr: 0x1001002C Val: 0x00000005
[inst #124] addi x5,x5,1
Register Write to Reg: 0x05 Val: 0x00000001
[inst #125] jal x0,-28
Register Write to Reg: 0x00 Val: 0x004000FC
[inst #126] bge x5,x22,32
[inst #127] slli x6,x5,2
Register Write to Reg: 0x06 Val: 0x00000004
[inst #128] add x7,x8,x6
Register Write to Reg: 0x07 Val: 0x10010008
[inst #129] lw x28,0(x7)
Register Write to Reg: 0x1C Val: 0xFFFFFFFE
[inst #130] add x29,x9,x6
Register Write to Reg: 0x1D Val: 0x10010030
[inst #131] sw x28,0(x29)
Memory Write to Addr: 0x10010030 Val: 0xFFFFFFFE
[inst #132] addi x5,x5,1
Register Write to Reg: 0x05 Val: 0x00000002
[inst #133] jal x0,-28
Register Write to Reg: 0x00 Val: 0x004000FC
[inst #134] bge x5,x22,32
[inst #135] add x5,x0,x18
Register Write to Reg: 0x05 Val: 0x00000000
[inst #136] add x6,x0,x21
Register Write to Reg: 0x06 Val: 0x00000001
[inst #137] add x7,x0,x18
Register Write to Reg: 0x07 Val: 0x00000000
[inst #138] bge x5,x21,80
[inst #139] bge x6,x22,116
[inst #140] slli x28,x5,2
Register Write to Reg: 0x1C Val: 0x00000000
[inst #141] add x28,x9,x28
Register Write to Reg: 0x1C Val: 0x1001002C
[inst #142] lw x29,0(x28)
Register Write to Reg: 0x1D Val: 0x00000005
[inst #143] slli x28,x6,2
Register Write to Reg: 0x1C Val: 0x00000004
[inst #144] add x28,x9,x28
Register Write to Reg: 0x1C Val: 0x10010030
[inst #145] lw x30,0(x28)
Register Write to Reg: 0x1E Val: 0xFFFFFFFE
[inst #146] bge x30,x29,24
[inst #147] slli x28,x7,2
Register Write to Reg: 0x1C Val: 0x00000000
[inst #148] add x28,x8,x28
Register Write to Reg: 0x1C Val: 0x10010004
[inst #149] sw x30,0(x28)
Memory Write to Addr: 0x10010004 Val: 0xFFFFFFFE
[inst #150] addi x6,x6,1
Register Write to Reg: 0x06 Val: 0x00000002
[inst #151] jal x0,20
Register Write to Reg: 0x00 Val: 0x00400140
[inst #152] addi x7,x7,1
Register Write to Reg: 0x07 Val: 0x00000001
[inst #153] jal x0,-76
Register Write to Reg: 0x00 Val: 0x00400158
[inst #154] bge x5,x21,80
[inst #155] bge x6,x22,116
[inst #156] bge x5,x21,40
[inst #157] slli x28,x5,2
Register Write to Reg: 0x1C Val: 0x00000000
[inst #158] add x28,x9,x28
Register Write to Reg: 0x1C Val: 0x1001002C
[inst #159] lw x29,0(x28)
Register Write to Reg: 0x1D Val: 0x00000005
[inst #160] slli x28,x7,2
Register Write to Reg: 0x1C Val: 0x00000004
[inst #161] add x28,x8,x28
Register Write to Reg: 0x1C Val: 0x10010008
[inst #162] sw x29,0(x28)
Memory Write to Addr: 0x10010008 Val: 0x00000005
[inst #163] addi x5,x5,1
Register Write to Reg: 0x05 Val: 0x00000001
[inst #164] addi x7,x7,1
Register Write to Reg: 0x07 Val: 0x00000002
[inst #165] jal x0,-36
Register Write to Reg: 0x00 Val: 0x004001A8
[inst #166] bge x5,x21,40
[inst #167] lw x18,0(x2)
Register Write to Reg: 0x12 Val: 0x00000000
[inst #168] lw x19,4(x2)
Register Write to Reg: 0x13 Val: 0x00000000
[inst #169] lw x20,8(x2)
Register Write to Reg: 0x14 Val: 0x00000001
[inst #170] lw x21,12(x2)
Register Write to Reg: 0x15 Val: 0x00000000
[inst #171] lw x22,16(x2)
Register Write to Reg: 0x16 Val: 0x00000000
[inst #172] addi x2,x2,20
Register Write to Reg: 0x02 Val: 0x7FFFFFBC
[inst #173] jalr x0,x1,0
Register Write to Reg: 0x00 Val: 0x004001C4
[inst #174] lw x1,0(x2)
Register Write to Reg: 0x01 Val: 0x00400070
[inst #175] lw x18,4(x2)
Register Write to Reg: 0x12 Val: 0x00000001
[inst #176] lw x19,8(x2)
Register Write to Reg: 0x13 Val: 0x00000000
[inst #177] lw x20,12(x2)
Register Write to Reg: 0x14 Val: 0x00000002
[inst #178] addi x2,x2,16
Register Write to Reg: 0x02 Val: 0x7FFFFFCC
[inst #179] jalr x0,x1,0
Register Write to Reg: 0x00 Val: 0x004000AC
[inst #180] add x10,x0,x8
Register Write to Reg: 0x0A Val: 0x10010004
[inst #181] addi x11,x18,1
Register Write to Reg: 0x0B Val: 0x00000002
[inst #182] add x12,x0,x20
Register Write to Reg: 0x0C Val: 0x00000002
[inst #183] jal x1,-68
Register Write to Reg: 0x01 Val: 0x00400080
[inst #184] addi x2,x2,-16
Register Write to Reg: 0x02 Val: 0x7FFFFFBC
[inst #185] sw x1,0(x2)
Memory Write to Addr: 0x7FFFFFBC Val: 0x00400080
[inst #186] sw x18,4(x2)
Memory Write to Addr: 0x7FFFFFC0 Val: 0x00000001
[inst #187] sw x19,8(x2)
Memory Write to Addr: 0x7FFFFFC4 Val: 0x00000000
[inst #188] sw x20,12(x2)
Memory Write to Addr: 0x7FFFFFC8 Val: 0x00000002
[inst #189] add x19,x0,x11
Register Write to Reg: 0x13 Val: 0x00000002
[inst #190] add x20,x0,x12
Register Write to Reg: 0x14 Val: 0x00000002
[inst #191] bge x19,x20,64
[inst #192] lw x1,0(x2)
Register Write to Reg: 0x01 Val: 0x00400080
[inst #193] lw x18,4(x2)
Register Write to Reg: 0x12 Val: 0x00000001
[inst #194] lw x19,8(x2)
Register Write to Reg: 0x13 Val: 0x00000000
[inst #195] lw x20,12(x2)
Register Write to Reg: 0x14 Val: 0x00000002
[inst #196] addi x2,x2,16
Register Write to Reg: 0x02 Val: 0x7FFFFFCC
[inst #197] jalr x0,x1,0
Register Write to Reg: 0x00 Val: 0x004000AC
[inst #198] add x10,x0,x8
Register Write to Reg: 0x0A Val: 0x10010004
[inst #199] add x11,x0,x19
Register Write to Reg: 0x0B Val: 0x00000000
[inst #200] add x12,x0,x18
Register Write to Reg: 0x0C Val: 0x00000001
[inst #201] add x13,x0,x20
Register Write to Reg: 0x0D Val: 0x00000002
[inst #202] jal x1,28
Register Write to Reg: 0x01 Val: 0x00400094
[inst #203] addi x2,x2,-20
Register Write to Reg: 0x02 Val: 0x7FFFFFB8
[inst #204] sw x18,0(x2)
Memory Write to Addr: 0x7FFFFFB8 Val: 0x00000001
[inst #205] sw x19,4(x2)
Memory Write to Addr: 0x7FFFFFBC Val: 0x00000000
[inst #206] sw x20,8(x2)
Memory Write to Addr: 0x7FFFFFC0 Val: 0x00000002
[inst #207] sw x21,12(x2)
Memory Write to Addr: 0x7FFFFFC4 Val: 0x00000000
[inst #208] sw x22,16(x2)
Memory Write to Addr: 0x7FFFFFC8 Val: 0x00000000
[inst #209] add x18,x0,x11
Register Write to Reg: 0x12 Val: 0x00000000
[inst #210] add x19,x0,x12
Register Write to Reg: 0x13 Val: 0x00000001
[inst #211] add x20,x0,x13
Register Write to Reg: 0x14 Val: 0x00000002
[inst #212] addi x21,x19,1
Register Write to Reg: 0x15 Val: 0x00000002
[inst #213] addi x22,x20,1
Register Write to Reg: 0x16 Val: 0x00000003
[inst #214] add x5,x0,x18
Register Write to Reg: 0x05 Val: 0x00000000
[inst #215] bge x5,x22,32
[inst #216] slli x6,x5,2
Register Write to Reg: 0x06 Val: 0x00000000
[inst #217] add x7,x8,x6
Register Write to Reg: 0x07 Val: 0x10010004
[inst #218] lw x28,0(x7)
Register Write to Reg: 0x1C Val: 0xFFFFFFFE
[inst #219] add x29,x9,x6
Register Write to Reg: 0x1D Val: 0x1001002C
[inst #220] sw x28,0(x29)
Memory Write to Addr: 0x1001002C Val: 0xFFFFFFFE
[inst #221] addi x5,x5,1
Register Write to Reg: 0x05 Val: 0x00000001
[inst #222] jal x0,-28
Register Write to Reg: 0x00 Val: 0x004000FC
[inst #223] bge x5,x22,32
[inst #224] slli x6,x5,2
Register Write to Reg: 0x06 Val: 0x00000004
[inst #225] add x7,x8,x6
Register Write to Reg: 0x07 Val: 0x10010008
[inst #226] lw x28,0(x7)
Register Write to Reg: 0x1C Val: 0x00000005
[inst #227] add x29,x9,x6
Register Write to Reg: 0x1D Val: 0x10010030
[inst #228] sw x28,0(x29)
Memory Write to Addr: 0x10010030 Val: 0x00000005
[inst #229] addi x5,x5,1
Register Write to Reg: 0x05 Val: 0x00000002
[inst #230] jal x0,-28
Register Write to Reg: 0x00 Val: 0x004000FC
[inst #231] bge x5,x22,32
[inst #232] slli x6,x5,2
Register Write to Reg: 0x06 Val: 0x00000008
[inst #233] add x7,x8,x6
Register Write to Reg: 0x07 Val: 0x1001000C
[inst #234] lw x28,0(x7)
Register Write to Reg: 0x1C Val: 0x0000000A
[inst #235] add x29,x9,x6
Register Write to Reg: 0x1D Val: 0x10010034
[inst #236] sw x28,0(x29)
Memory Write to Addr: 0x10010034 Val: 0x0000000A
[inst #237] addi x5,x5,1
Register Write to Reg: 0x05 Val: 0x00000003
[inst #238] jal x0,-28
Register Write to Reg: 0x00 Val: 0x004000FC
[inst #239] bge x5,x22,32
[inst #240] add x5,x0,x18
Register Write to Reg: 0x05 Val: 0x00000000
[inst #241] add x6,x0,x21
Register Write to Reg: 0x06 Val: 0x00000002
[inst #242] add x7,x0,x18
Register Write to Reg: 0x07 Val: 0x00000000
[inst #243] bge x5,x21,80
[inst #244] bge x6,x22,116
[inst #245] slli x28,x5,2
Register Write to Reg: 0x1C Val: 0x00000000
[inst #246] add x28,x9,x28
Register Write to Reg: 0x1C Val: 0x1001002C
[inst #247] lw x29,0(x28)
Register Write to Reg: 0x1D Val: 0xFFFFFFFE
[inst #248] slli x28,x6,2
Register Write to Reg: 0x1C Val: 0x00000008
[inst #249] add x28,x9,x28
Register Write to Reg: 0x1C Val: 0x10010034
[inst #250] lw x30,0(x28)
Register Write to Reg: 0x1E Val: 0x0000000A
[inst #251] bge x30,x29,24
[inst #252] slli x28,x7,2
Register Write to Reg: 0x1C Val: 0x00000000
[inst #253] add x28,x8,x28
Register Write to Reg: 0x1C Val: 0x10010004
[inst #254] sw x29,0(x28)
Memory Write to Addr: 0x10010004 Val: 0xFFFFFFFE
[inst #255] addi x5,x5,1
Register Write to Reg: 0x05 Val: 0x00000001
[inst #256] addi x7,x7,1
Register Write to Reg: 0x07 Val: 0x00000001
[inst #257] jal x0,-76
Register Write to Reg: 0x00 Val: 0x00400158
[inst #258] bge x5,x21,80
[inst #259] bge x6,x22,116
[inst #260] slli x28,x5,2
Register Write to Reg: 0x1C Val: 0x00000004
[inst #261] add x28,x9,x28
Register Write to Reg: 0x1C Val: 0x10010030
[inst #262] lw x29,0(x28)
Register Write to Reg: 0x1D Val: 0x00000005
[inst #263] slli x28,x6,2
Register Write to Reg: 0x1C Val: 0x00000008
[inst #264] add x28,x9,x28
Register Write to Reg: 0x1C Val: 0x10010034
[inst #265] lw x30,0(x28)
Register Write to Reg: 0x1E Val: 0x0000000A
[inst #266] bge x30,x29,24
[inst #267] slli x28,x7,2
Register Write to Reg: 0x1C Val: 0x00000004
[inst #268] add x28,x8,x28
Register Write to Reg: 0x1C Val: 0x10010008
[inst #269] sw x29,0(x28)
Memory Write to Addr: 0x10010008 Val: 0x00000005
[inst #270] addi x5,x5,1
Register Write to Reg: 0x05 Val: 0x00000002
[inst #271] addi x7,x7,1
Register Write to Reg: 0x07 Val: 0x00000002
[inst #272] jal x0,-76
Register Write to Reg: 0x00 Val: 0x00400158
[inst #273] bge x5,x21,80
[inst #274] bge x6,x22,80
[inst #275] slli x28,x6,2
Register Write to Reg: 0x1C Val: 0x00000008
[inst #276] add x28,x9,x28
Register Write to Reg: 0x1C Val: 0x10010034
[inst #277] lw x29,0(x28)
Register Write to Reg: 0x1D Val: 0x0000000A
[inst #278] slli x28,x7,2
Register Write to Reg: 0x1C Val: 0x00000008
[inst #279] add x28,x8,x28
Register Write to Reg: 0x1C Val: 0x1001000C
[inst #280] sw x29,0(x28)
Memory Write to Addr: 0x1001000C Val: 0x0000000A
[inst #281] addi x6,x6,1
Register Write to Reg: 0x06 Val: 0x00000003
[inst #282] addi x7,x7,1
Register Write to Reg: 0x07 Val: 0x00000003
[inst #283] jal x0,-36
Register Write to Reg: 0x00 Val: 0x00400180
[inst #284] bge x6,x22,80
[inst #285] lw x18,0(x2)
Register Write to Reg: 0x12 Val: 0x00000001
[inst #286] lw x19,4(x2)
Register Write to Reg: 0x13 Val: 0x00000000
[inst #287] lw x20,8(x2)
Register Write to Reg: 0x14 Val: 0x00000002
[inst #288] lw x21,12(x2)
Register Write to Reg: 0x15 Val: 0x00000000
[inst #289] lw x22,16(x2)
Register Write to Reg: 0x16 Val: 0x00000000
[inst #290] addi x2,x2,20
Register Write to Reg: 0x02 Val: 0x7FFFFFCC
[inst #291] jalr x0,x1,0
Register Write to Reg: 0x00 Val: 0x004001C4
[inst #292] lw x1,0(x2)
Register Write to Reg: 0x01 Val: 0x00400070
[inst #293] lw x18,4(x2)
Register Write to Reg: 0x12 Val: 0x00000002
[inst #294] lw x19,8(x2)
Register Write to Reg: 0x13 Val: 0x00000000
[inst #295] lw x20,12(x2)
Register Write to Reg: 0x14 Val: 0x00000004
[inst #296] addi x2,x2,16
Register Write to Reg: 0x02 Val: 0x7FFFFFDC
[inst #297] jalr x0,x1,0
Register Write to Reg: 0x00 Val: 0x004000AC
[inst #298] add x10,x0,x8
Register Write to Reg: 0x0A Val: 0x10010004
[inst #299] addi x11,x18,1
Register Write to Reg: 0x0B Val: 0x00000003
[inst #300] add x12,x0,x20
Register Write to Reg: 0x0C Val: 0x00000004
[inst #301] jal x1,-68
Register Write to Reg: 0x01 Val: 0x00400080
[inst #302] addi x2,x2,-16
Register Write to Reg: 0x02 Val: 0x7FFFFFCC
[inst #303] sw x1,0(x2)
Memory Write to Addr: 0x7FFFFFCC Val: 0x00400080
[inst #304] sw x18,4(x2)
Memory Write to Addr: 0x7FFFFFD0 Val: 0x00000002
[inst #305] sw x19,8(x2)
Memory Write to Addr: 0x7FFFFFD4 Val: 0x00000000
[inst #306] sw x20,12(x2)
Memory Write to Addr: 0x7FFFFFD8 Val: 0x00000004
[inst #307] add x19,x0,x11
Register Write to Reg: 0x13 Val: 0x00000003
[inst #308] add x20,x0,x12
Register Write to Reg: 0x14 Val: 0x00000004
[inst #309] bge x19,x20,64
[inst #310] add x5,x19,x20
Register Write to Reg: 0x05 Val: 0x00000007
[inst #311] srai x18,x5,1
Register Write to Reg: 0x12 Val: 0x00000003
[inst #312] add x10,x0,x8
Register Write to Reg: 0x0A Val: 0x10010004
[inst #313] add x11,x0,x19
Register Write to Reg: 0x0B Val: 0x00000003
[inst #314] add x12,x0,x18
Register Write to Reg: 0x0C Val: 0x00000003
[inst #315] jal x1,-52
Register Write to Reg: 0x01 Val: 0x00400070
[inst #316] addi x2,x2,-16
Register Write to Reg: 0x02 Val: 0x7FFFFFBC
[inst #317] sw x1,0(x2)
Memory Write to Addr: 0x7FFFFFBC Val: 0x00400070
[inst #318] sw x18,4(x2)
Memory Write to Addr: 0x7FFFFFC0 Val: 0x00000003
[inst #319] sw x19,8(x2)
Memory Write to Addr: 0x7FFFFFC4 Val: 0x00000003
[inst #320] sw x20,12(x2)
Memory Write to Addr: 0x7FFFFFC8 Val: 0x00000004
[inst #321] add x19,x0,x11
Register Write to Reg: 0x13 Val: 0x00000003
[inst #322] add x20,x0,x12
Register Write to Reg: 0x14 Val: 0x00000003
[inst #323] bge x19,x20,64
[inst #324] lw x1,0(x2)
Register Write to Reg: 0x01 Val: 0x00400070
[inst #325] lw x18,4(x2)
Register Write to Reg: 0x12 Val: 0x00000003
[inst #326] lw x19,8(x2)
Register Write to Reg: 0x13 Val: 0x00000003
[inst #327] lw x20,12(x2)
Register Write to Reg: 0x14 Val: 0x00000004
[inst #328] addi x2,x2,16
Register Write to Reg: 0x02 Val: 0x7FFFFFCC
[inst #329] jalr x0,x1,0
Register Write to Reg: 0x00 Val: 0x004000AC
[inst #330] add x10,x0,x8
Register Write to Reg: 0x0A Val: 0x10010004
[inst #331] addi x11,x18,1
Register Write to Reg: 0x0B Val: 0x00000004
[inst #332] add x12,x0,x20
Register Write to Reg: 0x0C Val: 0x00000004
[inst #333] jal x1,-68
Register Write to Reg: 0x01 Val: 0x00400080
[inst #334] addi x2,x2,-16
Register Write to Reg: 0x02 Val: 0x7FFFFFBC
[inst #335] sw x1,0(x2)
Memory Write to Addr: 0x7FFFFFBC Val: 0x00400080
[inst #336] sw x18,4(x2)
Memory Write to Addr: 0x7FFFFFC0 Val: 0x00000003
[inst #337] sw x19,8(x2)
Memory Write to Addr: 0x7FFFFFC4 Val: 0x00000003
[inst #338] sw x20,12(x2)
Memory Write to Addr: 0x7FFFFFC8 Val: 0x00000004
[inst #339] add x19,x0,x11
Register Write to Reg: 0x13 Val: 0x00000004
[inst #340] add x20,x0,x12
Register Write to Reg: 0x14 Val: 0x00000004
[inst #341] bge x19,x20,64
[inst #342] lw x1,0(x2)
Register Write to Reg: 0x01 Val: 0x00400080
[inst #343] lw x18,4(x2)
Register Write to Reg: 0x12 Val: 0x00000003
[inst #344] lw x19,8(x2)
Register Write to Reg: 0x13 Val: 0x00000003
[inst #345] lw x20,12(x2)
Register Write to Reg: 0x14 Val: 0x00000004
[inst #346] addi x2,x2,16
Register Write to Reg: 0x02 Val: 0x7FFFFFCC
[inst #347] jalr x0,x1,0
Register Write to Reg: 0x00 Val: 0x004000AC
[inst #348] add x10,x0,x8
Register Write to Reg: 0x0A Val: 0x10010004
[inst #349] add x11,x0,x19
Register Write to Reg: 0x0B Val: 0x00000003
[inst #350] add x12,x0,x18
Register Write to Reg: 0x0C Val: 0x00000003
[inst #351] add x13,x0,x20
Register Write to Reg: 0x0D Val: 0x00000004
[inst #352] jal x1,28
Register Write to Reg: 0x01 Val: 0x00400094
[inst #353] addi x2,x2,-20
Register Write to Reg: 0x02 Val: 0x7FFFFFB8
[inst #354] sw x18,0(x2)
Memory Write to Addr: 0x7FFFFFB8 Val: 0x00000003
[inst #355] sw x19,4(x2)
Memory Write to Addr: 0x7FFFFFBC Val: 0x00000003
[inst #356] sw x20,8(x2)
Memory Write to Addr: 0x7FFFFFC0 Val: 0x00000004
[inst #357] sw x21,12(x2)
Memory Write to Addr: 0x7FFFFFC4 Val: 0x00000000
[inst #358] sw x22,16(x2)
Memory Write to Addr: 0x7FFFFFC8 Val: 0x00000000
[inst #359] add x18,x0,x11
Register Write to Reg: 0x12 Val: 0x00000003
[inst #360] add x19,x0,x12
Register Write to Reg: 0x13 Val: 0x00000003
[inst #361] add x20,x0,x13
Register Write to Reg: 0x14 Val: 0x00000004
[inst #362] addi x21,x19,1
Register Write to Reg: 0x15 Val: 0x00000004
[inst #363] addi x22,x20,1
Register Write to Reg: 0x16 Val: 0x00000005
[inst #364] add x5,x0,x18
Register Write to Reg: 0x05 Val: 0x00000003
[inst #365] bge x5,x22,32
[inst #366] slli x6,x5,2
Register Write to Reg: 0x06 Val: 0x0000000C
[inst #367] add x7,x8,x6
Register Write to Reg: 0x07 Val: 0x10010010
[inst #368] lw x28,0(x7)
Register Write to Reg: 0x1C Val: 0x00000000
[inst #369] add x29,x9,x6
Register Write to Reg: 0x1D Val: 0x10010038
[inst #370] sw x28,0(x29)
Memory Write to Addr: 0x10010038 Val: 0x00000000
[inst #371] addi x5,x5,1
Register Write to Reg: 0x05 Val: 0x00000004
[inst #372] jal x0,-28
Register Write to Reg: 0x00 Val: 0x004000FC
[inst #373] bge x5,x22,32
[inst #374] slli x6,x5,2
Register Write to Reg: 0x06 Val: 0x00000010
[inst #375] add x7,x8,x6
Register Write to Reg: 0x07 Val: 0x10010014
[inst #376] lw x28,0(x7)
Register Write to Reg: 0x1C Val: 0x00000008
[inst #377] add x29,x9,x6
Register Write to Reg: 0x1D Val: 0x1001003C
[inst #378] sw x28,0(x29)
Memory Write to Addr: 0x1001003C Val: 0x00000008
[inst #379] addi x5,x5,1
Register Write to Reg: 0x05 Val: 0x00000005
[inst #380] jal x0,-28
Register Write to Reg: 0x00 Val: 0x004000FC
[inst #381] bge x5,x22,32
[inst #382] add x5,x0,x18
Register Write to Reg: 0x05 Val: 0x00000003
[inst #383] add x6,x0,x21
Register Write to Reg: 0x06 Val: 0x00000004
[inst #384] add x7,x0,x18
Register Write to Reg: 0x07 Val: 0x00000003
[inst #385] bge x5,x21,80
[inst #386] bge x6,x22,116
[inst #387] slli x28,x5,2
Register Write to Reg: 0x1C Val: 0x0000000C
[inst #388] add x28,x9,x28
Register Write to Reg: 0x1C Val: 0x10010038
[inst #389] lw x29,0(x28)
Register Write to Reg: 0x1D Val: 0x00000000
[inst #390] slli x28,x6,2
Register Write to Reg: 0x1C Val: 0x00000010
[inst #391] add x28,x9,x28
Register Write to Reg: 0x1C Val: 0x1001003C
[inst #392] lw x30,0(x28)
Register Write to Reg: 0x1E Val: 0x00000008
[inst #393] bge x30,x29,24
[inst #394] slli x28,x7,2
Register Write to Reg: 0x1C Val: 0x0000000C
[inst #395] add x28,x8,x28
Register Write to Reg: 0x1C Val: 0x10010010
[inst #396] sw x29,0(x28)
Memory Write to Addr: 0x10010010 Val: 0x00000000
[inst #397] addi x5,x5,1
Register Write to Reg: 0x05 Val: 0x00000004
[inst #398] addi x7,x7,1
Register Write to Reg: 0x07 Val: 0x00000004
[inst #399] jal x0,-76
Register Write to Reg: 0x00 Val: 0x00400158
[inst #400] bge x5,x21,80
[inst #401] bge x6,x22,80
[inst #402] slli x28,x6,2
Register Write to Reg: 0x1C Val: 0x00000010
[inst #403] add x28,x9,x28
Register Write to Reg: 0x1C Val: 0x1001003C
[inst #404] lw x29,0(x28)
Register Write to Reg: 0x1D Val: 0x00000008
[inst #405] slli x28,x7,2
Register Write to Reg: 0x1C Val: 0x00000010
[inst #406] add x28,x8,x28
Register Write to Reg: 0x1C Val: 0x10010014
[inst #407] sw x29,0(x28)
Memory Write to Addr: 0x10010014 Val: 0x00000008
[inst #408] addi x6,x6,1
Register Write to Reg: 0x06 Val: 0x00000005
[inst #409] addi x7,x7,1
Register Write to Reg: 0x07 Val: 0x00000005
[inst #410] jal x0,-36
Register Write to Reg: 0x00 Val: 0x00400180
[inst #411] bge x6,x22,80
[inst #412] lw x18,0(x2)
Register Write to Reg: 0x12 Val: 0x00000003
[inst #413] lw x19,4(x2)
Register Write to Reg: 0x13 Val: 0x00000003
[inst #414] lw x20,8(x2)
Register Write to Reg: 0x14 Val: 0x00000004
[inst #415] lw x21,12(x2)
Register Write to Reg: 0x15 Val: 0x00000000
[inst #416] lw x22,16(x2)
Register Write to Reg: 0x16 Val: 0x00000000
[inst #417] addi x2,x2,20
Register Write to Reg: 0x02 Val: 0x7FFFFFCC
[inst #418] jalr x0,x1,0
Register Write to Reg: 0x00 Val: 0x004001C4
[inst #419] lw x1,0(x2)
Register Write to Reg: 0x01 Val: 0x00400080
[inst #420] lw x18,4(x2)
Register Write to Reg: 0x12 Val: 0x00000002
[inst #421] lw x19,8(x2)
Register Write to Reg: 0x13 Val: 0x00000000
[inst #422] lw x20,12(x2)
Register Write to Reg: 0x14 Val: 0x00000004
[inst #423] addi x2,x2,16
Register Write to Reg: 0x02 Val: 0x7FFFFFDC
[inst #424] jalr x0,x1,0
Register Write to Reg: 0x00 Val: 0x004000AC
[inst #425] add x10,x0,x8
Register Write to Reg: 0x0A Val: 0x10010004
[inst #426] add x11,x0,x19
Register Write to Reg: 0x0B Val: 0x00000000
[inst #427] add x12,x0,x18
Register Write to Reg: 0x0C Val: 0x00000002
[inst #428] add x13,x0,x20
Register Write to Reg: 0x0D Val: 0x00000004
[inst #429] jal x1,28
Register Write to Reg: 0x01 Val: 0x00400094
[inst #430] addi x2,x2,-20
Register Write to Reg: 0x02 Val: 0x7FFFFFC8
[inst #431] sw x18,0(x2)
Memory Write to Addr: 0x7FFFFFC8 Val: 0x00000002
[inst #432] sw x19,4(x2)
Memory Write to Addr: 0x7FFFFFCC Val: 0x00000000
[inst #433] sw x20,8(x2)
Memory Write to Addr: 0x7FFFFFD0 Val: 0x00000004
[inst #434] sw x21,12(x2)
Memory Write to Addr: 0x7FFFFFD4 Val: 0x00000000
[inst #435] sw x22,16(x2)
Memory Write to Addr: 0x7FFFFFD8 Val: 0x00000000
[inst #436] add x18,x0,x11
Register Write to Reg: 0x12 Val: 0x00000000
[inst #437] add x19,x0,x12
Register Write to Reg: 0x13 Val: 0x00000002
[inst #438] add x20,x0,x13
Register Write to Reg: 0x14 Val: 0x00000004
[inst #439] addi x21,x19,1
Register Write to Reg: 0x15 Val: 0x00000003
[inst #440] addi x22,x20,1
Register Write to Reg: 0x16 Val: 0x00000005
[inst #441] add x5,x0,x18
Register Write to Reg: 0x05 Val: 0x00000000
[inst #442] bge x5,x22,32
[inst #443] slli x6,x5,2
Register Write to Reg: 0x06 Val: 0x00000000
[inst #444] add x7,x8,x6
Register Write to Reg: 0x07 Val: 0x10010004
[inst #445] lw x28,0(x7)
Register Write to Reg: 0x1C Val: 0xFFFFFFFE
[inst #446] add x29,x9,x6
Register Write to Reg: 0x1D Val: 0x1001002C
[inst #447] sw x28,0(x29)
Memory Write to Addr: 0x1001002C Val: 0xFFFFFFFE
[inst #448] addi x5,x5,1
Register Write to Reg: 0x05 Val: 0x00000001
[inst #449] jal x0,-28
Register Write to Reg: 0x00 Val: 0x004000FC
[inst #450] bge x5,x22,32
[inst #451] slli x6,x5,2
Register Write to Reg: 0x06 Val: 0x00000004
[inst #452] add x7,x8,x6
Register Write to Reg: 0x07 Val: 0x10010008
[inst #453] lw x28,0(x7)
Register Write to Reg: 0x1C Val: 0x00000005
[inst #454] add x29,x9,x6
Register Write to Reg: 0x1D Val: 0x10010030
[inst #455] sw x28,0(x29)
Memory Write to Addr: 0x10010030 Val: 0x00000005
[inst #456] addi x5,x5,1
Register Write to Reg: 0x05 Val: 0x00000002
[inst #457] jal x0,-28
Register Write to Reg: 0x00 Val: 0x004000FC
[inst #458] bge x5,x22,32
[inst #459] slli x6,x5,2
Register Write to Reg: 0x06 Val: 0x00000008
[inst #460] add x7,x8,x6
Register Write to Reg: 0x07 Val: 0x1001000C
[inst #461] lw x28,0(x7)
Register Write to Reg: 0x1C Val: 0x0000000A
[inst #462] add x29,x9,x6
Register Write to Reg: 0x1D Val: 0x10010034
[inst #463] sw x28,0(x29)
Memory Write to Addr: 0x10010034 Val: 0x0000000A
[inst #464] addi x5,x5,1
Register Write to Reg: 0x05 Val: 0x00000003
[inst #465] jal x0,-28
Register Write to Reg: 0x00 Val: 0x004000FC
[inst #466] bge x5,x22,32
[inst #467] slli x6,x5,2
Register Write to Reg: 0x06 Val: 0x0000000C
[inst #468] add x7,x8,x6
Register Write to Reg: 0x07 Val: 0x10010010
[inst #469] lw x28,0(x7)
Register Write to Reg: 0x1C Val: 0x00000000
[inst #470] add x29,x9,x6
Register Write to Reg: 0x1D Val: 0x10010038
[inst #471] sw x28,0(x29)
Memory Write to Addr: 0x10010038 Val: 0x00000000
[inst #472] addi x5,x5,1
Register Write to Reg: 0x05 Val: 0x00000004
[inst #473] jal x0,-28
Register Write to Reg: 0x00 Val: 0x004000FC
[inst #474] bge x5,x22,32
[inst #475] slli x6,x5,2
Register Write to Reg: 0x06 Val: 0x00000010
[inst #476] add x7,x8,x6
Register Write to Reg: 0x07 Val: 0x10010014
[inst #477] lw x28,0(x7)
Register Write to Reg: 0x1C Val: 0x00000008
[inst #478] add x29,x9,x6
Register Write to Reg: 0x1D Val: 0x1001003C
[inst #479] sw x28,0(x29)
Memory Write to Addr: 0x1001003C Val: 0x00000008
[inst #480] addi x5,x5,1
Register Write to Reg: 0x05 Val: 0x00000005
[inst #481] jal x0,-28
Register Write to Reg: 0x00 Val: 0x004000FC
[inst #482] bge x5,x22,32
[inst #483] add x5,x0,x18
Register Write to Reg: 0x05 Val: 0x00000000
[inst #484] add x6,x0,x21
Register Write to Reg: 0x06 Val: 0x00000003
[inst #485] add x7,x0,x18
Register Write to Reg: 0x07 Val: 0x00000000
[inst #486] bge x5,x21,80
[inst #487] bge x6,x22,116
[inst #488] slli x28,x5,2
Register Write to Reg: 0x1C Val: 0x00000000
[inst #489] add x28,x9,x28
Register Write to Reg: 0x1C Val: 0x1001002C
[inst #490] lw x29,0(x28)
Register Write to Reg: 0x1D Val: 0xFFFFFFFE
[inst #491] slli x28,x6,2
Register Write to Reg: 0x1C Val: 0x0000000C
[inst #492] add x28,x9,x28
Register Write to Reg: 0x1C Val: 0x10010038
[inst #493] lw x30,0(x28)
Register Write to Reg: 0x1E Val: 0x00000000
[inst #494] bge x30,x29,24
[inst #495] slli x28,x7,2
Register Write to Reg: 0x1C Val: 0x00000000
[inst #496] add x28,x8,x28
Register Write to Reg: 0x1C Val: 0x10010004
[inst #497] sw x29,0(x28)
Memory Write to Addr: 0x10010004 Val: 0xFFFFFFFE
[inst #498] addi x5,x5,1
Register Write to Reg: 0x05 Val: 0x00000001
[inst #499] addi x7,x7,1
Register Write to Reg: 0x07 Val: 0x00000001
[inst #500] jal x0,-76
Register Write to Reg: 0x00 Val: 0x00400158
[inst #501] bge x5,x21,80
[inst #502] bge x6,x22,116
[inst #503] slli x28,x5,2
Register Write to Reg: 0x1C Val: 0x00000004
[inst #504] add x28,x9,x28
Register Write to Reg: 0x1C Val: 0x10010030
[inst #505] lw x29,0(x28)
Register Write to Reg: 0x1D Val: 0x00000005
[inst #506] slli x28,x6,2
Register Write to Reg: 0x1C Val: 0x0000000C
[inst #507] add x28,x9,x28
Register Write to Reg: 0x1C Val: 0x10010038
[inst #508] lw x30,0(x28)
Register Write to Reg: 0x1E Val: 0x00000000
[inst #509] bge x30,x29,24
[inst #510] slli x28,x7,2
Register Write to Reg: 0x1C Val: 0x00000004
[inst #511] add x28,x8,x28
Register Write to Reg: 0x1C Val: 0x10010008
[inst #512] sw x30,0(x28)
Memory Write to Addr: 0x10010008 Val: 0x00000000
[inst #513] addi x6,x6,1
Register Write to Reg: 0x06 Val: 0x00000004
[inst #514] jal x0,20
Register Write to Reg: 0x00 Val: 0x00400140
[inst #515] addi x7,x7,1
Register Write to Reg: 0x07 Val: 0x00000002
[inst #516] jal x0,-76
Register Write to Reg: 0x00 Val: 0x00400158
[inst #517] bge x5,x21,80
[inst #518] bge x6,x22,116
[inst #519] slli x28,x5,2
Register Write to Reg: 0x1C Val: 0x00000004
[inst #520] add x28,x9,x28
Register Write to Reg: 0x1C Val: 0x10010030
[inst #521] lw x29,0(x28)
Register Write to Reg: 0x1D Val: 0x00000005
[inst #522] slli x28,x6,2
Register Write to Reg: 0x1C Val: 0x00000010
[inst #523] add x28,x9,x28
Register Write to Reg: 0x1C Val: 0x1001003C
[inst #524] lw x30,0(x28)
Register Write to Reg: 0x1E Val: 0x00000008
[inst #525] bge x30,x29,24
[inst #526] slli x28,x7,2
Register Write to Reg: 0x1C Val: 0x00000008
[inst #527] add x28,x8,x28
Register Write to Reg: 0x1C Val: 0x1001000C
[inst #528] sw x29,0(x28)
Memory Write to Addr: 0x1001000C Val: 0x00000005
[inst #529] addi x5,x5,1
Register Write to Reg: 0x05 Val: 0x00000002
[inst #530] addi x7,x7,1
Register Write to Reg: 0x07 Val: 0x00000003
[inst #531] jal x0,-76
Register Write to Reg: 0x00 Val: 0x00400158
[inst #532] bge x5,x21,80
[inst #533] bge x6,x22,116
[inst #534] slli x28,x5,2
Register Write to Reg: 0x1C Val: 0x00000008
[inst #535] add x28,x9,x28
Register Write to Reg: 0x1C Val: 0x10010034
[inst #536] lw x29,0(x28)
Register Write to Reg: 0x1D Val: 0x0000000A
[inst #537] slli x28,x6,2
Register Write to Reg: 0x1C Val: 0x00000010
[inst #538] add x28,x9,x28
Register Write to Reg: 0x1C Val: 0x1001003C
[inst #539] lw x30,0(x28)
Register Write to Reg: 0x1E Val: 0x00000008
[inst #540] bge x30,x29,24
[inst #541] slli x28,x7,2
Register Write to Reg: 0x1C Val: 0x0000000C
[inst #542] add x28,x8,x28
Register Write to Reg: 0x1C Val: 0x10010010
[inst #543] sw x30,0(x28)
Memory Write to Addr: 0x10010010 Val: 0x00000008
[inst #544] addi x6,x6,1
Register Write to Reg: 0x06 Val: 0x00000005
[inst #545] jal x0,20
Register Write to Reg: 0x00 Val: 0x00400140
[inst #546] addi x7,x7,1
Register Write to Reg: 0x07 Val: 0x00000004
[inst #547] jal x0,-76
Register Write to Reg: 0x00 Val: 0x00400158
[inst #548] bge x5,x21,80
[inst #549] bge x6,x22,116
[inst #550] bge x5,x21,40
[inst #551] slli x28,x5,2
Register Write to Reg: 0x1C Val: 0x00000008
[inst #552] add x28,x9,x28
Register Write to Reg: 0x1C Val: 0x10010034
[inst #553] lw x29,0(x28)
Register Write to Reg: 0x1D Val: 0x0000000A
[inst #554] slli x28,x7,2
Register Write to Reg: 0x1C Val: 0x00000010
[inst #555] add x28,x8,x28
Register Write to Reg: 0x1C Val: 0x10010014
[inst #556] sw x29,0(x28)
Memory Write to Addr: 0x10010014 Val: 0x0000000A
[inst #557] addi x5,x5,1
Register Write to Reg: 0x05 Val: 0x00000003
[inst #558] addi x7,x7,1
Register Write to Reg: 0x07 Val: 0x00000005
[inst #559] jal x0,-36
Register Write to Reg: 0x00 Val: 0x004001A8
[inst #560] bge x5,x21,40
[inst #561] lw x18,0(x2)
Register Write to Reg: 0x12 Val: 0x00000002
[inst #562] lw x19,4(x2)
Register Write to Reg: 0x13 Val: 0x00000000
[inst #563] lw x20,8(x2)
Register Write to Reg: 0x14 Val: 0x00000004
[inst #564] lw x21,12(x2)
Register Write to Reg: 0x15 Val: 0x00000000
[inst #565] lw x22,16(x2)
Register Write to Reg: 0x16 Val: 0x00000000
[inst #566] addi x2,x2,20
Register Write to Reg: 0x02 Val: 0x7FFFFFDC
[inst #567] jalr x0,x1,0
Register Write to Reg: 0x00 Val: 0x004001C4
[inst #568] lw x1,0(x2)
Register Write to Reg: 0x01 Val: 0x00400070
[inst #569] lw x18,4(x2)
Register Write to Reg: 0x12 Val: 0x00000004
[inst #570] lw x19,8(x2)
Register Write to Reg: 0x13 Val: 0x00000000
[inst #571] lw x20,12(x2)
Register Write to Reg: 0x14 Val: 0x00000009
[inst #572] addi x2,x2,16
Register Write to Reg: 0x02 Val: 0x7FFFFFEC
[inst #573] jalr x0,x1,0
Register Write to Reg: 0x00 Val: 0x004000AC
[inst #574] add x10,x0,x8
Register Write to Reg: 0x0A Val: 0x10010004
[inst #575] addi x11,x18,1
Register Write to Reg: 0x0B Val: 0x00000005
[inst #576] add x12,x0,x20
Register Write to Reg: 0x0C Val: 0x00000009
[inst #577] jal x1,-68
Register Write to Reg: 0x01 Val: 0x00400080
[inst #578] addi x2,x2,-16
Register Write to Reg: 0x02 Val: 0x7FFFFFDC
[inst #579] sw x1,0(x2)
Memory Write to Addr: 0x7FFFFFDC Val: 0x00400080
[inst #580] sw x18,4(x2)
Memory Write to Addr: 0x7FFFFFE0 Val: 0x00000004
[inst #581] sw x19,8(x2)
Memory Write to Addr: 0x7FFFFFE4 Val: 0x00000000
[inst #582] sw x20,12(x2)
Memory Write to Addr: 0x7FFFFFE8 Val: 0x00000009
[inst #583] add x19,x0,x11
Register Write to Reg: 0x13 Val: 0x00000005
[inst #584] add x20,x0,x12
Register Write to Reg: 0x14 Val: 0x00000009
[inst #585] bge x19,x20,64
[inst #586] add x5,x19,x20
Register Write to Reg: 0x05 Val: 0x0000000E
[inst #587] srai x18,x5,1
Register Write to Reg: 0x12 Val: 0x00000007
[inst #588] add x10,x0,x8
Register Write to Reg: 0x0A Val: 0x10010004
[inst #589] add x11,x0,x19
Register Write to Reg: 0x0B Val: 0x00000005
[inst #590] add x12,x0,x18
Register Write to Reg: 0x0C Val: 0x00000007
[inst #591] jal x1,-52
Register Write to Reg: 0x01 Val: 0x00400070
[inst #592] addi x2,x2,-16
Register Write to Reg: 0x02 Val: 0x7FFFFFCC
[inst #593] sw x1,0(x2)
Memory Write to Addr: 0x7FFFFFCC Val: 0x00400070
[inst #594] sw x18,4(x2)
Memory Write to Addr: 0x7FFFFFD0 Val: 0x00000007
[inst #595] sw x19,8(x2)
Memory Write to Addr: 0x7FFFFFD4 Val: 0x00000005
[inst #596] sw x20,12(x2)
Memory Write to Addr: 0x7FFFFFD8 Val: 0x00000009
[inst #597] add x19,x0,x11
Register Write to Reg: 0x13 Val: 0x00000005
[inst #598] add x20,x0,x12
Register Write to Reg: 0x14 Val: 0x00000007
[inst #599] bge x19,x20,64
[inst #600] add x5,x19,x20
Register Write to Reg: 0x05 Val: 0x0000000C
[inst #601] srai x18,x5,1
Register Write to Reg: 0x12 Val: 0x00000006
[inst #602] add x10,x0,x8
Register Write to Reg: 0x0A Val: 0x10010004
[inst #603] add x11,x0,x19
Register Write to Reg: 0x0B Val: 0x00000005
[inst #604] add x12,x0,x18
Register Write to Reg: 0x0C Val: 0x00000006
[inst #605] jal x1,-52
Register Write to Reg: 0x01 Val: 0x00400070
[inst #606] addi x2,x2,-16
Register Write to Reg: 0x02 Val: 0x7FFFFFBC
[inst #607] sw x1,0(x2)
Memory Write to Addr: 0x7FFFFFBC Val: 0x00400070
[inst #608] sw x18,4(x2)
Memory Write to Addr: 0x7FFFFFC0 Val: 0x00000006
[inst #609] sw x19,8(x2)
Memory Write to Addr: 0x7FFFFFC4 Val: 0x00000005
[inst #610] sw x20,12(x2)
Memory Write to Addr: 0x7FFFFFC8 Val: 0x00000007
[inst #611] add x19,x0,x11
Register Write to Reg: 0x13 Val: 0x00000005
[inst #612] add x20,x0,x12
Register Write to Reg: 0x14 Val: 0x00000006
[inst #613] bge x19,x20,64
[inst #614] add x5,x19,x20
Register Write to Reg: 0x05 Val: 0x0000000B
[inst #615] srai x18,x5,1
Register Write to Reg: 0x12 Val: 0x00000005
[inst #616] add x10,x0,x8
Register Write to Reg: 0x0A Val: 0x10010004
[inst #617] add x11,x0,x19
Register Write to Reg: 0x0B Val: 0x00000005
[inst #618] add x12,x0,x18
Register Write to Reg: 0x0C Val: 0x00000005
[inst #619] jal x1,-52
Register Write to Reg: 0x01 Val: 0x00400070
[inst #620] addi x2,x2,-16
Register Write to Reg: 0x02 Val: 0x7FFFFFAC
[inst #621] sw x1,0(x2)
Memory Write to Addr: 0x7FFFFFAC Val: 0x00400070
[inst #622] sw x18,4(x2)
Memory Write to Addr: 0x7FFFFFB0 Val: 0x00000005
[inst #623] sw x19,8(x2)
Memory Write to Addr: 0x7FFFFFB4 Val: 0x00000005
[inst #624] sw x20,12(x2)
Memory Write to Addr: 0x7FFFFFB8 Val: 0x00000006
[inst #625] add x19,x0,x11
Register Write to Reg: 0x13 Val: 0x00000005
[inst #626] add x20,x0,x12
Register Write to Reg: 0x14 Val: 0x00000005
[inst #627] bge x19,x20,64
[inst #628] lw x1,0(x2)
Register Write to Reg: 0x01 Val: 0x00400070
[inst #629] lw x18,4(x2)
Register Write to Reg: 0x12 Val: 0x00000005
[inst #630] lw x19,8(x2)
Register Write to Reg: 0x13 Val: 0x00000005
[inst #631] lw x20,12(x2)
Register Write to Reg: 0x14 Val: 0x00000006
[inst #632] addi x2,x2,16
Register Write to Reg: 0x02 Val: 0x7FFFFFBC
[inst #633] jalr x0,x1,0
Register Write to Reg: 0x00 Val: 0x004000AC
[inst #634] add x10,x0,x8
Register Write to Reg: 0x0A Val: 0x10010004
[inst #635] addi x11,x18,1
Register Write to Reg: 0x0B Val: 0x00000006
[inst #636] add x12,x0,x20
Register Write to Reg: 0x0C Val: 0x00000006
[inst #637] jal x1,-68
Register Write to Reg: 0x01 Val: 0x00400080
[inst #638] addi x2,x2,-16
Register Write to Reg: 0x02 Val: 0x7FFFFFAC
[inst #639] sw x1,0(x2)
Memory Write to Addr: 0x7FFFFFAC Val: 0x00400080
[inst #640] sw x18,4(x2)
Memory Write to Addr: 0x7FFFFFB0 Val: 0x00000005
[inst #641] sw x19,8(x2)
Memory Write to Addr: 0x7FFFFFB4 Val: 0x00000005
[inst #642] sw x20,12(x2)
Memory Write to Addr: 0x7FFFFFB8 Val: 0x00000006
[inst #643] add x19,x0,x11
Register Write to Reg: 0x13 Val: 0x00000006
[inst #644] add x20,x0,x12
Register Write to Reg: 0x14 Val: 0x00000006
[inst #645] bge x19,x20,64
[inst #646] lw x1,0(x2)
Register Write to Reg: 0x01 Val: 0x00400080
[inst #647] lw x18,4(x2)
Register Write to Reg: 0x12 Val: 0x00000005
[inst #648] lw x19,8(x2)
Register Write to Reg: 0x13 Val: 0x00000005
[inst #649] lw x20,12(x2)
Register Write to Reg: 0x14 Val: 0x00000006
[inst #650] addi x2,x2,16
Register Write to Reg: 0x02 Val: 0x7FFFFFBC
[inst #651] jalr x0,x1,0
Register Write to Reg: 0x00 Val: 0x004000AC
[inst #652] add x10,x0,x8
Register Write to Reg: 0x0A Val: 0x10010004
[inst #653] add x11,x0,x19
Register Write to Reg: 0x0B Val: 0x00000005
[inst #654] add x12,x0,x18
Register Write to Reg: 0x0C Val: 0x00000005
[inst #655] add x13,x0,x20
Register Write to Reg: 0x0D Val: 0x00000006
[inst #656] jal x1,28
Register Write to Reg: 0x01 Val: 0x00400094
[inst #657] addi x2,x2,-20
Register Write to Reg: 0x02 Val: 0x7FFFFFA8
[inst #658] sw x18,0(x2)
Memory Write to Addr: 0x7FFFFFA8 Val: 0x00000005
[inst #659] sw x19,4(x2)
Memory Write to Addr: 0x7FFFFFAC Val: 0x00000005
[inst #660] sw x20,8(x2)
Memory Write to Addr: 0x7FFFFFB0 Val: 0x00000006
[inst #661] sw x21,12(x2)
Memory Write to Addr: 0x7FFFFFB4 Val: 0x00000000
[inst #662] sw x22,16(x2)
Memory Write to Addr: 0x7FFFFFB8 Val: 0x00000000
[inst #663] add x18,x0,x11
Register Write to Reg: 0x12 Val: 0x00000005
[inst #664] add x19,x0,x12
Register Write to Reg: 0x13 Val: 0x00000005
[inst #665] add x20,x0,x13
Register Write to Reg: 0x14 Val: 0x00000006
[inst #666] addi x21,x19,1
Register Write to Reg: 0x15 Val: 0x00000006
[inst #667] addi x22,x20,1
Register Write to Reg: 0x16 Val: 0x00000007
[inst #668] add x5,x0,x18
Register Write to Reg: 0x05 Val: 0x00000005
[inst #669] bge x5,x22,32
[inst #670] slli x6,x5,2
Register Write to Reg: 0x06 Val: 0x00000014
[inst #671] add x7,x8,x6
Register Write to Reg: 0x07 Val: 0x10010018
[inst #672] lw x28,0(x7)
Register Write to Reg: 0x1C Val: 0x00000003
[inst #673] add x29,x9,x6
Register Write to Reg: 0x1D Val: 0x10010040
[inst #674] sw x28,0(x29)
Memory Write to Addr: 0x10010040 Val: 0x00000003
[inst #675] addi x5,x5,1
Register Write to Reg: 0x05 Val: 0x00000006
[inst #676] jal x0,-28
Register Write to Reg: 0x00 Val: 0x004000FC
[inst #677] bge x5,x22,32
[inst #678] slli x6,x5,2
Register Write to Reg: 0x06 Val: 0x00000018
[inst #679] add x7,x8,x6
Register Write to Reg: 0x07 Val: 0x1001001C
[inst #680] lw x28,0(x7)
Register Write to Reg: 0x1C Val: 0x00000003
[inst #681] add x29,x9,x6
Register Write to Reg: 0x1D Val: 0x10010044
[inst #682] sw x28,0(x29)
Memory Write to Addr: 0x10010044 Val: 0x00000003
[inst #683] addi x5,x5,1
Register Write to Reg: 0x05 Val: 0x00000007
[inst #684] jal x0,-28
Register Write to Reg: 0x00 Val: 0x004000FC
[inst #685] bge x5,x22,32
[inst #686] add x5,x0,x18
Register Write to Reg: 0x05 Val: 0x00000005
[inst #687] add x6,x0,x21
Register Write to Reg: 0x06 Val: 0x00000006
[inst #688] add x7,x0,x18
Register Write to Reg: 0x07 Val: 0x00000005
[inst #689] bge x5,x21,80
[inst #690] bge x6,x22,116
[inst #691] slli x28,x5,2
Register Write to Reg: 0x1C Val: 0x00000014
[inst #692] add x28,x9,x28
Register Write to Reg: 0x1C Val: 0x10010040
[inst #693] lw x29,0(x28)
Register Write to Reg: 0x1D Val: 0x00000003
[inst #694] slli x28,x6,2
Register Write to Reg: 0x1C Val: 0x00000018
[inst #695] add x28,x9,x28
Register Write to Reg: 0x1C Val: 0x10010044
[inst #696] lw x30,0(x28)
Register Write to Reg: 0x1E Val: 0x00000003
[inst #697] bge x30,x29,24
[inst #698] slli x28,x7,2
Register Write to Reg: 0x1C Val: 0x00000014
[inst #699] add x28,x8,x28
Register Write to Reg: 0x1C Val: 0x10010018
[inst #700] sw x29,0(x28)
Memory Write to Addr: 0x10010018 Val: 0x00000003
[inst #701] addi x5,x5,1
Register Write to Reg: 0x05 Val: 0x00000006
[inst #702] addi x7,x7,1
Register Write to Reg: 0x07 Val: 0x00000006
[inst #703] jal x0,-76
Register Write to Reg: 0x00 Val: 0x00400158
[inst #704] bge x5,x21,80
[inst #705] bge x6,x22,80
[inst #706] slli x28,x6,2
Register Write to Reg: 0x1C Val: 0x00000018
[inst #707] add x28,x9,x28
Register Write to Reg: 0x1C Val: 0x10010044
[inst #708] lw x29,0(x28)
Register Write to Reg: 0x1D Val: 0x00000003
[inst #709] slli x28,x7,2
Register Write to Reg: 0x1C Val: 0x00000018
[inst #710] add x28,x8,x28
Register Write to Reg: 0x1C Val: 0x1001001C
[inst #711] sw x29,0(x28)
Memory Write to Addr: 0x1001001C Val: 0x00000003
[inst #712] addi x6,x6,1
Register Write to Reg: 0x06 Val: 0x00000007
[inst #713] addi x7,x7,1
Register Write to Reg: 0x07 Val: 0x00000007
[inst #714] jal x0,-36
Register Write to Reg: 0x00 Val: 0x00400180
[inst #715] bge x6,x22,80
[inst #716] lw x18,0(x2)
Register Write to Reg: 0x12 Val: 0x00000005
[inst #717] lw x19,4(x2)
Register Write to Reg: 0x13 Val: 0x00000005
[inst #718] lw x20,8(x2)
Register Write to Reg: 0x14 Val: 0x00000006
[inst #719] lw x21,12(x2)
Register Write to Reg: 0x15 Val: 0x00000000
[inst #720] lw x22,16(x2)
Register Write to Reg: 0x16 Val: 0x00000000
[inst #721] addi x2,x2,20
Register Write to Reg: 0x02 Val: 0x7FFFFFBC
[inst #722] jalr x0,x1,0
Register Write to Reg: 0x00 Val: 0x004001C4
[inst #723] lw x1,0(x2)
Register Write to Reg: 0x01 Val: 0x00400070
[inst #724] lw x18,4(x2)
Register Write to Reg: 0x12 Val: 0x00000006
[inst #725] lw x19,8(x2)
Register Write to Reg: 0x13 Val: 0x00000005
[inst #726] lw x20,12(x2)
Register Write to Reg: 0x14 Val: 0x00000007
[inst #727] addi x2,x2,16
Register Write to Reg: 0x02 Val: 0x7FFFFFCC
[inst #728] jalr x0,x1,0
Register Write to Reg: 0x00 Val: 0x004000AC
[inst #729] add x10,x0,x8
Register Write to Reg: 0x0A Val: 0x10010004
[inst #730] addi x11,x18,1
Register Write to Reg: 0x0B Val: 0x00000007
[inst #731] add x12,x0,x20
Register Write to Reg: 0x0C Val: 0x00000007
[inst #732] jal x1,-68
Register Write to Reg: 0x01 Val: 0x00400080
[inst #733] addi x2,x2,-16
Register Write to Reg: 0x02 Val: 0x7FFFFFBC
[inst #734] sw x1,0(x2)
Memory Write to Addr: 0x7FFFFFBC Val: 0x00400080
[inst #735] sw x18,4(x2)
Memory Write to Addr: 0x7FFFFFC0 Val: 0x00000006
[inst #736] sw x19,8(x2)
Memory Write to Addr: 0x7FFFFFC4 Val: 0x00000005
[inst #737] sw x20,12(x2)
Memory Write to Addr: 0x7FFFFFC8 Val: 0x00000007
[inst #738] add x19,x0,x11
Register Write to Reg: 0x13 Val: 0x00000007
[inst #739] add x20,x0,x12
Register Write to Reg: 0x14 Val: 0x00000007
[inst #740] bge x19,x20,64
[inst #741] lw x1,0(x2)
Register Write to Reg: 0x01 Val: 0x00400080
[inst #742] lw x18,4(x2)
Register Write to Reg: 0x12 Val: 0x00000006
[inst #743] lw x19,8(x2)
Register Write to Reg: 0x13 Val: 0x00000005
[inst #744] lw x20,12(x2)
Register Write to Reg: 0x14 Val: 0x00000007
[inst #745] addi x2,x2,16
Register Write to Reg: 0x02 Val: 0x7FFFFFCC
[inst #746] jalr x0,x1,0
Register Write to Reg: 0x00 Val: 0x004000AC
[inst #747] add x10,x0,x8
Register Write to Reg: 0x0A Val: 0x10010004
[inst #748] add x11,x0,x19
Register Write to Reg: 0x0B Val: 0x00000005
[inst #749] add x12,x0,x18
Register Write to Reg: 0x0C Val: 0x00000006
[inst #750] add x13,x0,x20
Register Write to Reg: 0x0D Val: 0x00000007
[inst #751] jal x1,28
Register Write to Reg: 0x01 Val: 0x00400094
[inst #752] addi x2,x2,-20
Register Write to Reg: 0x02 Val: 0x7FFFFFB8
[inst #753] sw x18,0(x2)
Memory Write to Addr: 0x7FFFFFB8 Val: 0x00000006
[inst #754] sw x19,4(x2)
Memory Write to Addr: 0x7FFFFFBC Val: 0x00000005
[inst #755] sw x20,8(x2)
Memory Write to Addr: 0x7FFFFFC0 Val: 0x00000007
[inst #756] sw x21,12(x2)
Memory Write to Addr: 0x7FFFFFC4 Val: 0x00000000
[inst #757] sw x22,16(x2)
Memory Write to Addr: 0x7FFFFFC8 Val: 0x00000000
[inst #758] add x18,x0,x11
Register Write to Reg: 0x12 Val: 0x00000005
[inst #759] add x19,x0,x12
Register Write to Reg: 0x13 Val: 0x00000006
[inst #760] add x20,x0,x13
Register Write to Reg: 0x14 Val: 0x00000007
[inst #761] addi x21,x19,1
Register Write to Reg: 0x15 Val: 0x00000007
[inst #762] addi x22,x20,1
Register Write to Reg: 0x16 Val: 0x00000008
[inst #763] add x5,x0,x18
Register Write to Reg: 0x05 Val: 0x00000005
[inst #764] bge x5,x22,32
[inst #765] slli x6,x5,2
Register Write to Reg: 0x06 Val: 0x00000014
[inst #766] add x7,x8,x6
Register Write to Reg: 0x07 Val: 0x10010018
[inst #767] lw x28,0(x7)
Register Write to Reg: 0x1C Val: 0x00000003
[inst #768] add x29,x9,x6
Register Write to Reg: 0x1D Val: 0x10010040
[inst #769] sw x28,0(x29)
Memory Write to Addr: 0x10010040 Val: 0x00000003
[inst #770] addi x5,x5,1
Register Write to Reg: 0x05 Val: 0x00000006
[inst #771] jal x0,-28
Register Write to Reg: 0x00 Val: 0x004000FC
[inst #772] bge x5,x22,32
[inst #773] slli x6,x5,2
Register Write to Reg: 0x06 Val: 0x00000018
[inst #774] add x7,x8,x6
Register Write to Reg: 0x07 Val: 0x1001001C
[inst #775] lw x28,0(x7)
Register Write to Reg: 0x1C Val: 0x00000003
[inst #776] add x29,x9,x6
Register Write to Reg: 0x1D Val: 0x10010044
[inst #777] sw x28,0(x29)
Memory Write to Addr: 0x10010044 Val: 0x00000003
[inst #778] addi x5,x5,1
Register Write to Reg: 0x05 Val: 0x00000007
[inst #779] jal x0,-28
Register Write to Reg: 0x00 Val: 0x004000FC
[inst #780] bge x5,x22,32
[inst #781] slli x6,x5,2
Register Write to Reg: 0x06 Val: 0x0000001C
[inst #782] add x7,x8,x6
Register Write to Reg: 0x07 Val: 0x10010020
[inst #783] lw x28,0(x7)
Register Write to Reg: 0x1C Val: 0xFFFFFFFB
[inst #784] add x29,x9,x6
Register Write to Reg: 0x1D Val: 0x10010048
[inst #785] sw x28,0(x29)
Memory Write to Addr: 0x10010048 Val: 0xFFFFFFFB
[inst #786] addi x5,x5,1
Register Write to Reg: 0x05 Val: 0x00000008
[inst #787] jal x0,-28
Register Write to Reg: 0x00 Val: 0x004000FC
[inst #788] bge x5,x22,32
[inst #789] add x5,x0,x18
Register Write to Reg: 0x05 Val: 0x00000005
[inst #790] add x6,x0,x21
Register Write to Reg: 0x06 Val: 0x00000007
[inst #791] add x7,x0,x18
Register Write to Reg: 0x07 Val: 0x00000005
[inst #792] bge x5,x21,80
[inst #793] bge x6,x22,116
[inst #794] slli x28,x5,2
Register Write to Reg: 0x1C Val: 0x00000014
[inst #795] add x28,x9,x28
Register Write to Reg: 0x1C Val: 0x10010040
[inst #796] lw x29,0(x28)
Register Write to Reg: 0x1D Val: 0x00000003
[inst #797] slli x28,x6,2
Register Write to Reg: 0x1C Val: 0x0000001C
[inst #798] add x28,x9,x28
Register Write to Reg: 0x1C Val: 0x10010048
[inst #799] lw x30,0(x28)
Register Write to Reg: 0x1E Val: 0xFFFFFFFB
[inst #800] bge x30,x29,24
[inst #801] slli x28,x7,2
Register Write to Reg: 0x1C Val: 0x00000014
[inst #802] add x28,x8,x28
Register Write to Reg: 0x1C Val: 0x10010018
[inst #803] sw x30,0(x28)
Memory Write to Addr: 0x10010018 Val: 0xFFFFFFFB
[inst #804] addi x6,x6,1
Register Write to Reg: 0x06 Val: 0x00000008
[inst #805] jal x0,20
Register Write to Reg: 0x00 Val: 0x00400140
[inst #806] addi x7,x7,1
Register Write to Reg: 0x07 Val: 0x00000006
[inst #807] jal x0,-76
Register Write to Reg: 0x00 Val: 0x00400158
[inst #808] bge x5,x21,80
[inst #809] bge x6,x22,116
[inst #810] bge x5,x21,40
[inst #811] slli x28,x5,2
Register Write to Reg: 0x1C Val: 0x00000014
[inst #812] add x28,x9,x28
Register Write to Reg: 0x1C Val: 0x10010040
[inst #813] lw x29,0(x28)
Register Write to Reg: 0x1D Val: 0x00000003
[inst #814] slli x28,x7,2
Register Write to Reg: 0x1C Val: 0x00000018
[inst #815] add x28,x8,x28
Register Write to Reg: 0x1C Val: 0x1001001C
[inst #816] sw x29,0(x28)
Memory Write to Addr: 0x1001001C Val: 0x00000003
[inst #817] addi x5,x5,1
Register Write to Reg: 0x05 Val: 0x00000006
[inst #818] addi x7,x7,1
Register Write to Reg: 0x07 Val: 0x00000007
[inst #819] jal x0,-36
Register Write to Reg: 0x00 Val: 0x004001A8
[inst #820] bge x5,x21,40
[inst #821] slli x28,x5,2
Register Write to Reg: 0x1C Val: 0x00000018
[inst #822] add x28,x9,x28
Register Write to Reg: 0x1C Val: 0x10010044
[inst #823] lw x29,0(x28)
Register Write to Reg: 0x1D Val: 0x00000003
[inst #824] slli x28,x7,2
Register Write to Reg: 0x1C Val: 0x0000001C
[inst #825] add x28,x8,x28
Register Write to Reg: 0x1C Val: 0x10010020
[inst #826] sw x29,0(x28)
Memory Write to Addr: 0x10010020 Val: 0x00000003
[inst #827] addi x5,x5,1
Register Write to Reg: 0x05 Val: 0x00000007
[inst #828] addi x7,x7,1
Register Write to Reg: 0x07 Val: 0x00000008
[inst #829] jal x0,-36
Register Write to Reg: 0x00 Val: 0x004001A8
[inst #830] bge x5,x21,40
[inst #831] lw x18,0(x2)
Register Write to Reg: 0x12 Val: 0x00000006
[inst #832] lw x19,4(x2)
Register Write to Reg: 0x13 Val: 0x00000005
[inst #833] lw x20,8(x2)
Register Write to Reg: 0x14 Val: 0x00000007
[inst #834] lw x21,12(x2)
Register Write to Reg: 0x15 Val: 0x00000000
[inst #835] lw x22,16(x2)
Register Write to Reg: 0x16 Val: 0x00000000
[inst #836] addi x2,x2,20
Register Write to Reg: 0x02 Val: 0x7FFFFFCC
[inst #837] jalr x0,x1,0
Register Write to Reg: 0x00 Val: 0x004001C4
[inst #838] lw x1,0(x2)
Register Write to Reg: 0x01 Val: 0x00400070
[inst #839] lw x18,4(x2)
Register Write to Reg: 0x12 Val: 0x00000007
[inst #840] lw x19,8(x2)
Register Write to Reg: 0x13 Val: 0x00000005
[inst #841] lw x20,12(x2)
Register Write to Reg: 0x14 Val: 0x00000009
[inst #842] addi x2,x2,16
Register Write to Reg: 0x02 Val: 0x7FFFFFDC
[inst #843] jalr x0,x1,0
Register Write to Reg: 0x00 Val: 0x004000AC
[inst #844] add x10,x0,x8
Register Write to Reg: 0x0A Val: 0x10010004
[inst #845] addi x11,x18,1
Register Write to Reg: 0x0B Val: 0x00000008
[inst #846] add x12,x0,x20
Register Write to Reg: 0x0C Val: 0x00000009
[inst #847] jal x1,-68
Register Write to Reg: 0x01 Val: 0x00400080
[inst #848] addi x2,x2,-16
Register Write to Reg: 0x02 Val: 0x7FFFFFCC
[inst #849] sw x1,0(x2)
Memory Write to Addr: 0x7FFFFFCC Val: 0x00400080
[inst #850] sw x18,4(x2)
Memory Write to Addr: 0x7FFFFFD0 Val: 0x00000007
[inst #851] sw x19,8(x2)
Memory Write to Addr: 0x7FFFFFD4 Val: 0x00000005
[inst #852] sw x20,12(x2)
Memory Write to Addr: 0x7FFFFFD8 Val: 0x00000009
[inst #853] add x19,x0,x11
Register Write to Reg: 0x13 Val: 0x00000008
[inst #854] add x20,x0,x12
Register Write to Reg: 0x14 Val: 0x00000009
[inst #855] bge x19,x20,64
[inst #856] add x5,x19,x20
Register Write to Reg: 0x05 Val: 0x00000011
[inst #857] srai x18,x5,1
Register Write to Reg: 0x12 Val: 0x00000008
[inst #858] add x10,x0,x8
Register Write to Reg: 0x0A Val: 0x10010004
[inst #859] add x11,x0,x19
Register Write to Reg: 0x0B Val: 0x00000008
[inst #860] add x12,x0,x18
Register Write to Reg: 0x0C Val: 0x00000008
[inst #861] jal x1,-52
Register Write to Reg: 0x01 Val: 0x00400070
[inst #862] addi x2,x2,-16
Register Write to Reg: 0x02 Val: 0x7FFFFFBC
[inst #863] sw x1,0(x2)
Memory Write to Addr: 0x7FFFFFBC Val: 0x00400070
[inst #864] sw x18,4(x2)
Memory Write to Addr: 0x7FFFFFC0 Val: 0x00000008
[inst #865] sw x19,8(x2)
Memory Write to Addr: 0x7FFFFFC4 Val: 0x00000008
[inst #866] sw x20,12(x2)
Memory Write to Addr: 0x7FFFFFC8 Val: 0x00000009
[inst #867] add x19,x0,x11
Register Write to Reg: 0x13 Val: 0x00000008
[inst #868] add x20,x0,x12
Register Write to Reg: 0x14 Val: 0x00000008
[inst #869] bge x19,x20,64
[inst #870] lw x1,0(x2)
Register Write to Reg: 0x01 Val: 0x00400070
[inst #871] lw x18,4(x2)
Register Write to Reg: 0x12 Val: 0x00000008
[inst #872] lw x19,8(x2)
Register Write to Reg: 0x13 Val: 0x00000008
[inst #873] lw x20,12(x2)
Register Write to Reg: 0x14 Val: 0x00000009
[inst #874] addi x2,x2,16
Register Write to Reg: 0x02 Val: 0x7FFFFFCC
[inst #875] jalr x0,x1,0
Register Write to Reg: 0x00 Val: 0x004000AC
[inst #876] add x10,x0,x8
Register Write to Reg: 0x0A Val: 0x10010004
[inst #877] addi x11,x18,1
Register Write to Reg: 0x0B Val: 0x00000009
[inst #878] add x12,x0,x20
Register Write to Reg: 0x0C Val: 0x00000009
[inst #879] jal x1,-68
Register Write to Reg: 0x01 Val: 0x00400080
[inst #880] addi x2,x2,-16
Register Write to Reg: 0x02 Val: 0x7FFFFFBC
[inst #881] sw x1,0(x2)
Memory Write to Addr: 0x7FFFFFBC Val: 0x00400080
[inst #882] sw x18,4(x2)
Memory Write to Addr: 0x7FFFFFC0 Val: 0x00000008
[inst #883] sw x19,8(x2)
Memory Write to Addr: 0x7FFFFFC4 Val: 0x00000008
[inst #884] sw x20,12(x2)
Memory Write to Addr: 0x7FFFFFC8 Val: 0x00000009
[inst #885] add x19,x0,x11
Register Write to Reg: 0x13 Val: 0x00000009
[inst #886] add x20,x0,x12
Register Write to Reg: 0x14 Val: 0x00000009
[inst #887] bge x19,x20,64
[inst #888] lw x1,0(x2)
Register Write to Reg: 0x01 Val: 0x00400080
[inst #889] lw x18,4(x2)
Register Write to Reg: 0x12 Val: 0x00000008
[inst #890] lw x19,8(x2)
Register Write to Reg: 0x13 Val: 0x00000008
[inst #891] lw x20,12(x2)
Register Write to Reg: 0x14 Val: 0x00000009
[inst #892] addi x2,x2,16
Register Write to Reg: 0x02 Val: 0x7FFFFFCC
[inst #893] jalr x0,x1,0
Register Write to Reg: 0x00 Val: 0x004000AC
[inst #894] add x10,x0,x8
Register Write to Reg: 0x0A Val: 0x10010004
[inst #895] add x11,x0,x19
Register Write to Reg: 0x0B Val: 0x00000008
[inst #896] add x12,x0,x18
Register Write to Reg: 0x0C Val: 0x00000008
[inst #897] add x13,x0,x20
Register Write to Reg: 0x0D Val: 0x00000009
[inst #898] jal x1,28
Register Write to Reg: 0x01 Val: 0x00400094
[inst #899] addi x2,x2,-20
Register Write to Reg: 0x02 Val: 0x7FFFFFB8
[inst #900] sw x18,0(x2)
Memory Write to Addr: 0x7FFFFFB8 Val: 0x00000008
[inst #901] sw x19,4(x2)
Memory Write to Addr: 0x7FFFFFBC Val: 0x00000008
[inst #902] sw x20,8(x2)
Memory Write to Addr: 0x7FFFFFC0 Val: 0x00000009
[inst #903] sw x21,12(x2)
Memory Write to Addr: 0x7FFFFFC4 Val: 0x00000000
[inst #904] sw x22,16(x2)
Memory Write to Addr: 0x7FFFFFC8 Val: 0x00000000
[inst #905] add x18,x0,x11
Register Write to Reg: 0x12 Val: 0x00000008
[inst #906] add x19,x0,x12
Register Write to Reg: 0x13 Val: 0x00000008
[inst #907] add x20,x0,x13
Register Write to Reg: 0x14 Val: 0x00000009
[inst #908] addi x21,x19,1
Register Write to Reg: 0x15 Val: 0x00000009
[inst #909] addi x22,x20,1
Register Write to Reg: 0x16 Val: 0x0000000A
[inst #910] add x5,x0,x18
Register Write to Reg: 0x05 Val: 0x00000008
[inst #911] bge x5,x22,32
[inst #912] slli x6,x5,2
Register Write to Reg: 0x06 Val: 0x00000020
[inst #913] add x7,x8,x6
Register Write to Reg: 0x07 Val: 0x10010024
[inst #914] lw x28,0(x7)
Register Write to Reg: 0x1C Val: 0x00000064
[inst #915] add x29,x9,x6
Register Write to Reg: 0x1D Val: 0x1001004C
[inst #916] sw x28,0(x29)
Memory Write to Addr: 0x1001004C Val: 0x00000064
[inst #917] addi x5,x5,1
Register Write to Reg: 0x05 Val: 0x00000009
[inst #918] jal x0,-28
Register Write to Reg: 0x00 Val: 0x004000FC
[inst #919] bge x5,x22,32
[inst #920] slli x6,x5,2
Register Write to Reg: 0x06 Val: 0x00000024
[inst #921] add x7,x8,x6
Register Write to Reg: 0x07 Val: 0x10010028
[inst #922] lw x28,0(x7)
Register Write to Reg: 0x1C Val: 0x00000007
[inst #923] add x29,x9,x6
Register Write to Reg: 0x1D Val: 0x10010050
[inst #924] sw x28,0(x29)
Memory Write to Addr: 0x10010050 Val: 0x00000007
[inst #925] addi x5,x5,1
Register Write to Reg: 0x05 Val: 0x0000000A
[inst #926] jal x0,-28
Register Write to Reg: 0x00 Val: 0x004000FC
[inst #927] bge x5,x22,32
[inst #928] add x5,x0,x18
Register Write to Reg: 0x05 Val: 0x00000008
[inst #929] add x6,x0,x21
Register Write to Reg: 0x06 Val: 0x00000009
[inst #930] add x7,x0,x18
Register Write to Reg: 0x07 Val: 0x00000008
[inst #931] bge x5,x21,80
[inst #932] bge x6,x22,116
[inst #933] slli x28,x5,2
Register Write to Reg: 0x1C Val: 0x00000020
[inst #934] add x28,x9,x28
Register Write to Reg: 0x1C Val: 0x1001004C
[inst #935] lw x29,0(x28)
Register Write to Reg: 0x1D Val: 0x00000064
[inst #936] slli x28,x6,2
Register Write to Reg: 0x1C Val: 0x00000024
[inst #937] add x28,x9,x28
Register Write to Reg: 0x1C Val: 0x10010050
[inst #938] lw x30,0(x28)
Register Write to Reg: 0x1E Val: 0x00000007
[inst #939] bge x30,x29,24
[inst #940] slli x28,x7,2
Register Write to Reg: 0x1C Val: 0x00000020
[inst #941] add x28,x8,x28
Register Write to Reg: 0x1C Val: 0x10010024
[inst #942] sw x30,0(x28)
Memory Write to Addr: 0x10010024 Val: 0x00000007
[inst #943] addi x6,x6,1
Register Write to Reg: 0x06 Val: 0x0000000A
[inst #944] jal x0,20
Register Write to Reg: 0x00 Val: 0x00400140
[inst #945] addi x7,x7,1
Register Write to Reg: 0x07 Val: 0x00000009
[inst #946] jal x0,-76
Register Write to Reg: 0x00 Val: 0x00400158
[inst #947] bge x5,x21,80
[inst #948] bge x6,x22,116
[inst #949] bge x5,x21,40
[inst #950] slli x28,x5,2
Register Write to Reg: 0x1C Val: 0x00000020
[inst #951] add x28,x9,x28
Register Write to Reg: 0x1C Val: 0x1001004C
[inst #952] lw x29,0(x28)
Register Write to Reg: 0x1D Val: 0x00000064
[inst #953] slli x28,x7,2
Register Write to Reg: 0x1C Val: 0x00000024
[inst #954] add x28,x8,x28
Register Write to Reg: 0x1C Val: 0x10010028
[inst #955] sw x29,0(x28)
Memory Write to Addr: 0x10010028 Val: 0x00000064
[inst #956] addi x5,x5,1
Register Write to Reg: 0x05 Val: 0x00000009
[inst #957] addi x7,x7,1
Register Write to Reg: 0x07 Val: 0x0000000A
[inst #958] jal x0,-36
Register Write to Reg: 0x00 Val: 0x004001A8
[inst #959] bge x5,x21,40
[inst #960] lw x18,0(x2)
Register Write to Reg: 0x12 Val: 0x00000008
[inst #961] lw x19,4(x2)
Register Write to Reg: 0x13 Val: 0x00000008
[inst #962] lw x20,8(x2)
Register Write to Reg: 0x14 Val: 0x00000009
[inst #963] lw x21,12(x2)
Register Write to Reg: 0x15 Val: 0x00000000
[inst #964] lw x22,16(x2)
Register Write to Reg: 0x16 Val: 0x00000000
[inst #965] addi x2,x2,20
Register Write to Reg: 0x02 Val: 0x7FFFFFCC
[inst #966] jalr x0,x1,0
Register Write to Reg: 0x00 Val: 0x004001C4
[inst #967] lw x1,0(x2)
Register Write to Reg: 0x01 Val: 0x00400080
[inst #968] lw x18,4(x2)
Register Write to Reg: 0x12 Val: 0x00000007
[inst #969] lw x19,8(x2)
Register Write to Reg: 0x13 Val: 0x00000005
[inst #970] lw x20,12(x2)
Register Write to Reg: 0x14 Val: 0x00000009
[inst #971] addi x2,x2,16
Register Write to Reg: 0x02 Val: 0x7FFFFFDC
[inst #972] jalr x0,x1,0
Register Write to Reg: 0x00 Val: 0x004000AC
[inst #973] add x10,x0,x8
Register Write to Reg: 0x0A Val: 0x10010004
[inst #974] add x11,x0,x19
Register Write to Reg: 0x0B Val: 0x00000005
[inst #975] add x12,x0,x18
Register Write to Reg: 0x0C Val: 0x00000007
[inst #976] add x13,x0,x20
Register Write to Reg: 0x0D Val: 0x00000009
[inst #977] jal x1,28
Register Write to Reg: 0x01 Val: 0x00400094
[inst #978] addi x2,x2,-20
Register Write to Reg: 0x02 Val: 0x7FFFFFC8
[inst #979] sw x18,0(x2)
Memory Write to Addr: 0x7FFFFFC8 Val: 0x00000007
[inst #980] sw x19,4(x2)
Memory Write to Addr: 0x7FFFFFCC Val: 0x00000005
[inst #981] sw x20,8(x2)
Memory Write to Addr: 0x7FFFFFD0 Val: 0x00000009
[inst #982] sw x21,12(x2)
Memory Write to Addr: 0x7FFFFFD4 Val: 0x00000000
[inst #983] sw x22,16(x2)
Memory Write to Addr: 0x7FFFFFD8 Val: 0x00000000
[inst #984] add x18,x0,x11
Register Write to Reg: 0x12 Val: 0x00000005
[inst #985] add x19,x0,x12
Register Write to Reg: 0x13 Val: 0x00000007
[inst #986] add x20,x0,x13
Register Write to Reg: 0x14 Val: 0x00000009
[inst #987] addi x21,x19,1
Register Write to Reg: 0x15 Val: 0x00000008
[inst #988] addi x22,x20,1
Register Write to Reg: 0x16 Val: 0x0000000A
[inst #989] add x5,x0,x18
Register Write to Reg: 0x05 Val: 0x00000005
[inst #990] bge x5,x22,32
[inst #991] slli x6,x5,2
Register Write to Reg: 0x06 Val: 0x00000014
[inst #992] add x7,x8,x6
Register Write to Reg: 0x07 Val: 0x10010018
[inst #993] lw x28,0(x7)
Register Write to Reg: 0x1C Val: 0xFFFFFFFB
[inst #994] add x29,x9,x6
Register Write to Reg: 0x1D Val: 0x10010040
[inst #995] sw x28,0(x29)
Memory Write to Addr: 0x10010040 Val: 0xFFFFFFFB
[inst #996] addi x5,x5,1
Register Write to Reg: 0x05 Val: 0x00000006
[inst #997] jal x0,-28
Register Write to Reg: 0x00 Val: 0x004000FC
[inst #998] bge x5,x22,32
[inst #999] slli x6,x5,2
Register Write to Reg: 0x06 Val: 0x00000018
[inst #1000] add x7,x8,x6
Register Write to Reg: 0x07 Val: 0x1001001C
[inst #1001] lw x28,0(x7)
Register Write to Reg: 0x1C Val: 0x00000003
[inst #1002] add x29,x9,x6
Register Write to Reg: 0x1D Val: 0x10010044
[inst #1003] sw x28,0(x29)
Memory Write to Addr: 0x10010044 Val: 0x00000003
[inst #1004] addi x5,x5,1
Register Write to Reg: 0x05 Val: 0x00000007
[inst #1005] jal x0,-28
Register Write to Reg: 0x00 Val: 0x004000FC
[inst #1006] bge x5,x22,32
[inst #1007] slli x6,x5,2
Register Write to Reg: 0x06 Val: 0x0000001C
[inst #1008] add x7,x8,x6
Register Write to Reg: 0x07 Val: 0x10010020
[inst #1009] lw x28,0(x7)
Register Write to Reg: 0x1C Val: 0x00000003
[inst #1010] add x29,x9,x6
Register Write to Reg: 0x1D Val: 0x10010048
[inst #1011] sw x28,0(x29)
Memory Write to Addr: 0x10010048 Val: 0x00000003
[inst #1012] addi x5,x5,1
Register Write to Reg: 0x05 Val: 0x00000008
[inst #1013] jal x0,-28
Register Write to Reg: 0x00 Val: 0x004000FC
[inst #1014] bge x5,x22,32
[inst #1015] slli x6,x5,2
Register Write to Reg: 0x06 Val: 0x00000020
[inst #1016] add x7,x8,x6
Register Write to Reg: 0x07 Val: 0x10010024
[inst #1017] lw x28,0(x7)
Register Write to Reg: 0x1C Val: 0x00000007
[inst #1018] add x29,x9,x6
Register Write to Reg: 0x1D Val: 0x1001004C
[inst #1019] sw x28,0(x29)
Memory Write to Addr: 0x1001004C Val: 0x00000007
[inst #1020] addi x5,x5,1
Register Write to Reg: 0x05 Val: 0x00000009
[inst #1021] jal x0,-28
Register Write to Reg: 0x00 Val: 0x004000FC
[inst #1022] bge x5,x22,32
[inst #1023] slli x6,x5,2
Register Write to Reg: 0x06 Val: 0x00000024
[inst #1024] add x7,x8,x6
Register Write to Reg: 0x07 Val: 0x10010028
[inst #1025] lw x28,0(x7)
Register Write to Reg: 0x1C Val: 0x00000064
[inst #1026] add x29,x9,x6
Register Write to Reg: 0x1D Val: 0x10010050
[inst #1027] sw x28,0(x29)
Memory Write to Addr: 0x10010050 Val: 0x00000064
[inst #1028] addi x5,x5,1
Register Write to Reg: 0x05 Val: 0x0000000A
[inst #1029] jal x0,-28
Register Write to Reg: 0x00 Val: 0x004000FC
[inst #1030] bge x5,x22,32
[inst #1031] add x5,x0,x18
Register Write to Reg: 0x05 Val: 0x00000005
[inst #1032] add x6,x0,x21
Register Write to Reg: 0x06 Val: 0x00000008
[inst #1033] add x7,x0,x18
Register Write to Reg: 0x07 Val: 0x00000005
[inst #1034] bge x5,x21,80
[inst #1035] bge x6,x22,116
[inst #1036] slli x28,x5,2
Register Write to Reg: 0x1C Val: 0x00000014
[inst #1037] add x28,x9,x28
Register Write to Reg: 0x1C Val: 0x10010040
[inst #1038] lw x29,0(x28)
Register Write to Reg: 0x1D Val: 0xFFFFFFFB
[inst #1039] slli x28,x6,2
Register Write to Reg: 0x1C Val: 0x00000020
[inst #1040] add x28,x9,x28
Register Write to Reg: 0x1C Val: 0x1001004C
[inst #1041] lw x30,0(x28)
Register Write to Reg: 0x1E Val: 0x00000007
[inst #1042] bge x30,x29,24
[inst #1043] slli x28,x7,2
Register Write to Reg: 0x1C Val: 0x00000014
[inst #1044] add x28,x8,x28
Register Write to Reg: 0x1C Val: 0x10010018
[inst #1045] sw x29,0(x28)
Memory Write to Addr: 0x10010018 Val: 0xFFFFFFFB
[inst #1046] addi x5,x5,1
Register Write to Reg: 0x05 Val: 0x00000006
[inst #1047] addi x7,x7,1
Register Write to Reg: 0x07 Val: 0x00000006
[inst #1048] jal x0,-76
Register Write to Reg: 0x00 Val: 0x00400158
[inst #1049] bge x5,x21,80
[inst #1050] bge x6,x22,116
[inst #1051] slli x28,x5,2
Register Write to Reg: 0x1C Val: 0x00000018
[inst #1052] add x28,x9,x28
Register Write to Reg: 0x1C Val: 0x10010044
[inst #1053] lw x29,0(x28)
Register Write to Reg: 0x1D Val: 0x00000003
[inst #1054] slli x28,x6,2
Register Write to Reg: 0x1C Val: 0x00000020
[inst #1055] add x28,x9,x28
Register Write to Reg: 0x1C Val: 0x1001004C
[inst #1056] lw x30,0(x28)
Register Write to Reg: 0x1E Val: 0x00000007
[inst #1057] bge x30,x29,24
[inst #1058] slli x28,x7,2
Register Write to Reg: 0x1C Val: 0x00000018
[inst #1059] add x28,x8,x28
Register Write to Reg: 0x1C Val: 0x1001001C
[inst #1060] sw x29,0(x28)
Memory Write to Addr: 0x1001001C Val: 0x00000003
[inst #1061] addi x5,x5,1
Register Write to Reg: 0x05 Val: 0x00000007
[inst #1062] addi x7,x7,1
Register Write to Reg: 0x07 Val: 0x00000007
[inst #1063] jal x0,-76
Register Write to Reg: 0x00 Val: 0x00400158
[inst #1064] bge x5,x21,80
[inst #1065] bge x6,x22,116
[inst #1066] slli x28,x5,2
Register Write to Reg: 0x1C Val: 0x0000001C
[inst #1067] add x28,x9,x28
Register Write to Reg: 0x1C Val: 0x10010048
[inst #1068] lw x29,0(x28)
Register Write to Reg: 0x1D Val: 0x00000003
[inst #1069] slli x28,x6,2
Register Write to Reg: 0x1C Val: 0x00000020
[inst #1070] add x28,x9,x28
Register Write to Reg: 0x1C Val: 0x1001004C
[inst #1071] lw x30,0(x28)
Register Write to Reg: 0x1E Val: 0x00000007
[inst #1072] bge x30,x29,24
[inst #1073] slli x28,x7,2
Register Write to Reg: 0x1C Val: 0x0000001C
[inst #1074] add x28,x8,x28
Register Write to Reg: 0x1C Val: 0x10010020
[inst #1075] sw x29,0(x28)
Memory Write to Addr: 0x10010020 Val: 0x00000003
[inst #1076] addi x5,x5,1
Register Write to Reg: 0x05 Val: 0x00000008
[inst #1077] addi x7,x7,1
Register Write to Reg: 0x07 Val: 0x00000008
[inst #1078] jal x0,-76
Register Write to Reg: 0x00 Val: 0x00400158
[inst #1079] bge x5,x21,80
[inst #1080] bge x6,x22,80
[inst #1081] slli x28,x6,2
Register Write to Reg: 0x1C Val: 0x00000020
[inst #1082] add x28,x9,x28
Register Write to Reg: 0x1C Val: 0x1001004C
[inst #1083] lw x29,0(x28)
Register Write to Reg: 0x1D Val: 0x00000007
[inst #1084] slli x28,x7,2
Register Write to Reg: 0x1C Val: 0x00000020
[inst #1085] add x28,x8,x28
Register Write to Reg: 0x1C Val: 0x10010024
[inst #1086] sw x29,0(x28)
Memory Write to Addr: 0x10010024 Val: 0x00000007
[inst #1087] addi x6,x6,1
Register Write to Reg: 0x06 Val: 0x00000009
[inst #1088] addi x7,x7,1
Register Write to Reg: 0x07 Val: 0x00000009
[inst #1089] jal x0,-36
Register Write to Reg: 0x00 Val: 0x00400180
[inst #1090] bge x6,x22,80
[inst #1091] slli x28,x6,2
Register Write to Reg: 0x1C Val: 0x00000024
[inst #1092] add x28,x9,x28
Register Write to Reg: 0x1C Val: 0x10010050
[inst #1093] lw x29,0(x28)
Register Write to Reg: 0x1D Val: 0x00000064
[inst #1094] slli x28,x7,2
Register Write to Reg: 0x1C Val: 0x00000024
[inst #1095] add x28,x8,x28
Register Write to Reg: 0x1C Val: 0x10010028
[inst #1096] sw x29,0(x28)
Memory Write to Addr: 0x10010028 Val: 0x00000064
[inst #1097] addi x6,x6,1
Register Write to Reg: 0x06 Val: 0x0000000A
[inst #1098] addi x7,x7,1
Register Write to Reg: 0x07 Val: 0x0000000A
[inst #1099] jal x0,-36
Register Write to Reg: 0x00 Val: 0x00400180
[inst #1100] bge x6,x22,80
[inst #1101] lw x18,0(x2)
Register Write to Reg: 0x12 Val: 0x00000007
[inst #1102] lw x19,4(x2)
Register Write to Reg: 0x13 Val: 0x00000005
[inst #1103] lw x20,8(x2)
Register Write to Reg: 0x14 Val: 0x00000009
[inst #1104] lw x21,12(x2)
Register Write to Reg: 0x15 Val: 0x00000000
[inst #1105] lw x22,16(x2)
Register Write to Reg: 0x16 Val: 0x00000000
[inst #1106] addi x2,x2,20
Register Write to Reg: 0x02 Val: 0x7FFFFFDC
[inst #1107] jalr x0,x1,0
Register Write to Reg: 0x00 Val: 0x004001C4
[inst #1108] lw x1,0(x2)
Register Write to Reg: 0x01 Val: 0x00400080
[inst #1109] lw x18,4(x2)
Register Write to Reg: 0x12 Val: 0x00000004
[inst #1110] lw x19,8(x2)
Register Write to Reg: 0x13 Val: 0x00000000
[inst #1111] lw x20,12(x2)
Register Write to Reg: 0x14 Val: 0x00000009
[inst #1112] addi x2,x2,16
Register Write to Reg: 0x02 Val: 0x7FFFFFEC
[inst #1113] jalr x0,x1,0
Register Write to Reg: 0x00 Val: 0x004000AC
[inst #1114] add x10,x0,x8
Register Write to Reg: 0x0A Val: 0x10010004
[inst #1115] add x11,x0,x19
Register Write to Reg: 0x0B Val: 0x00000000
[inst #1116] add x12,x0,x18
Register Write to Reg: 0x0C Val: 0x00000004
[inst #1117] add x13,x0,x20
Register Write to Reg: 0x0D Val: 0x00000009
[inst #1118] jal x1,28
Register Write to Reg: 0x01 Val: 0x00400094
[inst #1119] addi x2,x2,-20
Register Write to Reg: 0x02 Val: 0x7FFFFFD8
[inst #1120] sw x18,0(x2)
Memory Write to Addr: 0x7FFFFFD8 Val: 0x00000004
[inst #1121] sw x19,4(x2)
Memory Write to Addr: 0x7FFFFFDC Val: 0x00000000
[inst #1122] sw x20,8(x2)
Memory Write to Addr: 0x7FFFFFE0 Val: 0x00000009
[inst #1123] sw x21,12(x2)
Memory Write to Addr: 0x7FFFFFE4 Val: 0x00000000
[inst #1124] sw x22,16(x2)
Memory Write to Addr: 0x7FFFFFE8 Val: 0x00000000
[inst #1125] add x18,x0,x11
Register Write to Reg: 0x12 Val: 0x00000000
[inst #1126] add x19,x0,x12
Register Write to Reg: 0x13 Val: 0x00000004
[inst #1127] add x20,x0,x13
Register Write to Reg: 0x14 Val: 0x00000009
[inst #1128] addi x21,x19,1
Register Write to Reg: 0x15 Val: 0x00000005
[inst #1129] addi x22,x20,1
Register Write to Reg: 0x16 Val: 0x0000000A
[inst #1130] add x5,x0,x18
Register Write to Reg: 0x05 Val: 0x00000000
[inst #1131] bge x5,x22,32
[inst #1132] slli x6,x5,2
Register Write to Reg: 0x06 Val: 0x00000000
[inst #1133] add x7,x8,x6
Register Write to Reg: 0x07 Val: 0x10010004
[inst #1134] lw x28,0(x7)
Register Write to Reg: 0x1C Val: 0xFFFFFFFE
[inst #1135] add x29,x9,x6
Register Write to Reg: 0x1D Val: 0x1001002C
[inst #1136] sw x28,0(x29)
Memory Write to Addr: 0x1001002C Val: 0xFFFFFFFE
[inst #1137] addi x5,x5,1
Register Write to Reg: 0x05 Val: 0x00000001
[inst #1138] jal x0,-28
Register Write to Reg: 0x00 Val: 0x004000FC
[inst #1139] bge x5,x22,32
[inst #1140] slli x6,x5,2
Register Write to Reg: 0x06 Val: 0x00000004
[inst #1141] add x7,x8,x6
Register Write to Reg: 0x07 Val: 0x10010008
[inst #1142] lw x28,0(x7)
Register Write to Reg: 0x1C Val: 0x00000000
[inst #1143] add x29,x9,x6
Register Write to Reg: 0x1D Val: 0x10010030
[inst #1144] sw x28,0(x29)
Memory Write to Addr: 0x10010030 Val: 0x00000000
[inst #1145] addi x5,x5,1
Register Write to Reg: 0x05 Val: 0x00000002
[inst #1146] jal x0,-28
Register Write to Reg: 0x00 Val: 0x004000FC
[inst #1147] bge x5,x22,32
[inst #1148] slli x6,x5,2
Register Write to Reg: 0x06 Val: 0x00000008
[inst #1149] add x7,x8,x6
Register Write to Reg: 0x07 Val: 0x1001000C
[inst #1150] lw x28,0(x7)
Register Write to Reg: 0x1C Val: 0x00000005
[inst #1151] add x29,x9,x6
Register Write to Reg: 0x1D Val: 0x10010034
[inst #1152] sw x28,0(x29)
Memory Write to Addr: 0x10010034 Val: 0x00000005
[inst #1153] addi x5,x5,1
Register Write to Reg: 0x05 Val: 0x00000003
[inst #1154] jal x0,-28
Register Write to Reg: 0x00 Val: 0x004000FC
[inst #1155] bge x5,x22,32
[inst #1156] slli x6,x5,2
Register Write to Reg: 0x06 Val: 0x0000000C
[inst #1157] add x7,x8,x6
Register Write to Reg: 0x07 Val: 0x10010010
[inst #1158] lw x28,0(x7)
Register Write to Reg: 0x1C Val: 0x00000008
[inst #1159] add x29,x9,x6
Register Write to Reg: 0x1D Val: 0x10010038
[inst #1160] sw x28,0(x29)
Memory Write to Addr: 0x10010038 Val: 0x00000008
[inst #1161] addi x5,x5,1
Register Write to Reg: 0x05 Val: 0x00000004
[inst #1162] jal x0,-28
Register Write to Reg: 0x00 Val: 0x004000FC
[inst #1163] bge x5,x22,32
[inst #1164] slli x6,x5,2
Register Write to Reg: 0x06 Val: 0x00000010
[inst #1165] add x7,x8,x6
Register Write to Reg: 0x07 Val: 0x10010014
[inst #1166] lw x28,0(x7)
Register Write to Reg: 0x1C Val: 0x0000000A
[inst #1167] add x29,x9,x6
Register Write to Reg: 0x1D Val: 0x1001003C
[inst #1168] sw x28,0(x29)
Memory Write to Addr: 0x1001003C Val: 0x0000000A
[inst #1169] addi x5,x5,1
Register Write to Reg: 0x05 Val: 0x00000005
[inst #1170] jal x0,-28
Register Write to Reg: 0x00 Val: 0x004000FC
[inst #1171] bge x5,x22,32
[inst #1172] slli x6,x5,2
Register Write to Reg: 0x06 Val: 0x00000014
[inst #1173] add x7,x8,x6
Register Write to Reg: 0x07 Val: 0x10010018
[inst #1174] lw x28,0(x7)
Register Write to Reg: 0x1C Val: 0xFFFFFFFB
[inst #1175] add x29,x9,x6
Register Write to Reg: 0x1D Val: 0x10010040
[inst #1176] sw x28,0(x29)
Memory Write to Addr: 0x10010040 Val: 0xFFFFFFFB
[inst #1177] addi x5,x5,1
Register Write to Reg: 0x05 Val: 0x00000006
[inst #1178] jal x0,-28
Register Write to Reg: 0x00 Val: 0x004000FC
[inst #1179] bge x5,x22,32
[inst #1180] slli x6,x5,2
Register Write to Reg: 0x06 Val: 0x00000018
[inst #1181] add x7,x8,x6
Register Write to Reg: 0x07 Val: 0x1001001C
[inst #1182] lw x28,0(x7)
Register Write to Reg: 0x1C Val: 0x00000003
[inst #1183] add x29,x9,x6
Register Write to Reg: 0x1D Val: 0x10010044
[inst #1184] sw x28,0(x29)
Memory Write to Addr: 0x10010044 Val: 0x00000003
[inst #1185] addi x5,x5,1
Register Write to Reg: 0x05 Val: 0x00000007
[inst #1186] jal x0,-28
Register Write to Reg: 0x00 Val: 0x004000FC
[inst #1187] bge x5,x22,32
[inst #1188] slli x6,x5,2
Register Write to Reg: 0x06 Val: 0x0000001C
[inst #1189] add x7,x8,x6
Register Write to Reg: 0x07 Val: 0x10010020
[inst #1190] lw x28,0(x7)
Register Write to Reg: 0x1C Val: 0x00000003
[inst #1191] add x29,x9,x6
Register Write to Reg: 0x1D Val: 0x10010048
[inst #1192] sw x28,0(x29)
Memory Write to Addr: 0x10010048 Val: 0x00000003
[inst #1193] addi x5,x5,1
Register Write to Reg: 0x05 Val: 0x00000008
[inst #1194] jal x0,-28
Register Write to Reg: 0x00 Val: 0x004000FC
[inst #1195] bge x5,x22,32
[inst #1196] slli x6,x5,2
Register Write to Reg: 0x06 Val: 0x00000020
[inst #1197] add x7,x8,x6
Register Write to Reg: 0x07 Val: 0x10010024
[inst #1198] lw x28,0(x7)
Register Write to Reg: 0x1C Val: 0x00000007
[inst #1199] add x29,x9,x6
Register Write to Reg: 0x1D Val: 0x1001004C
[inst #1200] sw x28,0(x29)
Memory Write to Addr: 0x1001004C Val: 0x00000007
[inst #1201] addi x5,x5,1
Register Write to Reg: 0x05 Val: 0x00000009
[inst #1202] jal x0,-28
Register Write to Reg: 0x00 Val: 0x004000FC
[inst #1203] bge x5,x22,32
[inst #1204] slli x6,x5,2
Register Write to Reg: 0x06 Val: 0x00000024
[inst #1205] add x7,x8,x6
Register Write to Reg: 0x07 Val: 0x10010028
[inst #1206] lw x28,0(x7)
Register Write to Reg: 0x1C Val: 0x00000064
[inst #1207] add x29,x9,x6
Register Write to Reg: 0x1D Val: 0x10010050
[inst #1208] sw x28,0(x29)
Memory Write to Addr: 0x10010050 Val: 0x00000064
[inst #1209] addi x5,x5,1
Register Write to Reg: 0x05 Val: 0x0000000A
[inst #1210] jal x0,-28
Register Write to Reg: 0x00 Val: 0x004000FC
[inst #1211] bge x5,x22,32
[inst #1212] add x5,x0,x18
Register Write to Reg: 0x05 Val: 0x00000000
[inst #1213] add x6,x0,x21
Register Write to Reg: 0x06 Val: 0x00000005
[inst #1214] add x7,x0,x18
Register Write to Reg: 0x07 Val: 0x00000000
[inst #1215] bge x5,x21,80
[inst #1216] bge x6,x22,116
[inst #1217] slli x28,x5,2
Register Write to Reg: 0x1C Val: 0x00000000
[inst #1218] add x28,x9,x28
Register Write to Reg: 0x1C Val: 0x1001002C
[inst #1219] lw x29,0(x28)
Register Write to Reg: 0x1D Val: 0xFFFFFFFE
[inst #1220] slli x28,x6,2
Register Write to Reg: 0x1C Val: 0x00000014
[inst #1221] add x28,x9,x28
Register Write to Reg: 0x1C Val: 0x10010040
[inst #1222] lw x30,0(x28)
Register Write to Reg: 0x1E Val: 0xFFFFFFFB
[inst #1223] bge x30,x29,24
[inst #1224] slli x28,x7,2
Register Write to Reg: 0x1C Val: 0x00000000
[inst #1225] add x28,x8,x28
Register Write to Reg: 0x1C Val: 0x10010004
[inst #1226] sw x30,0(x28)
Memory Write to Addr: 0x10010004 Val: 0xFFFFFFFB
[inst #1227] addi x6,x6,1
Register Write to Reg: 0x06 Val: 0x00000006
[inst #1228] jal x0,20
Register Write to Reg: 0x00 Val: 0x00400140
[inst #1229] addi x7,x7,1
Register Write to Reg: 0x07 Val: 0x00000001
[inst #1230] jal x0,-76
Register Write to Reg: 0x00 Val: 0x00400158
[inst #1231] bge x5,x21,80
[inst #1232] bge x6,x22,116
[inst #1233] slli x28,x5,2
Register Write to Reg: 0x1C Val: 0x00000000
[inst #1234] add x28,x9,x28
Register Write to Reg: 0x1C Val: 0x1001002C
[inst #1235] lw x29,0(x28)
Register Write to Reg: 0x1D Val: 0xFFFFFFFE
[inst #1236] slli x28,x6,2
Register Write to Reg: 0x1C Val: 0x00000018
[inst #1237] add x28,x9,x28
Register Write to Reg: 0x1C Val: 0x10010044
[inst #1238] lw x30,0(x28)
Register Write to Reg: 0x1E Val: 0x00000003
[inst #1239] bge x30,x29,24
[inst #1240] slli x28,x7,2
Register Write to Reg: 0x1C Val: 0x00000004
[inst #1241] add x28,x8,x28
Register Write to Reg: 0x1C Val: 0x10010008
[inst #1242] sw x29,0(x28)
Memory Write to Addr: 0x10010008 Val: 0xFFFFFFFE
[inst #1243] addi x5,x5,1
Register Write to Reg: 0x05 Val: 0x00000001
[inst #1244] addi x7,x7,1
Register Write to Reg: 0x07 Val: 0x00000002
[inst #1245] jal x0,-76
Register Write to Reg: 0x00 Val: 0x00400158
[inst #1246] bge x5,x21,80
[inst #1247] bge x6,x22,116
[inst #1248] slli x28,x5,2
Register Write to Reg: 0x1C Val: 0x00000004
[inst #1249] add x28,x9,x28
Register Write to Reg: 0x1C Val: 0x10010030
[inst #1250] lw x29,0(x28)
Register Write to Reg: 0x1D Val: 0x00000000
[inst #1251] slli x28,x6,2
Register Write to Reg: 0x1C Val: 0x00000018
[inst #1252] add x28,x9,x28
Register Write to Reg: 0x1C Val: 0x10010044
[inst #1253] lw x30,0(x28)
Register Write to Reg: 0x1E Val: 0x00000003
[inst #1254] bge x30,x29,24
[inst #1255] slli x28,x7,2
Register Write to Reg: 0x1C Val: 0x00000008
[inst #1256] add x28,x8,x28
Register Write to Reg: 0x1C Val: 0x1001000C
[inst #1257] sw x29,0(x28)
Memory Write to Addr: 0x1001000C Val: 0x00000000
[inst #1258] addi x5,x5,1
Register Write to Reg: 0x05 Val: 0x00000002
[inst #1259] addi x7,x7,1
Register Write to Reg: 0x07 Val: 0x00000003
[inst #1260] jal x0,-76
Register Write to Reg: 0x00 Val: 0x00400158
[inst #1261] bge x5,x21,80
[inst #1262] bge x6,x22,116
[inst #1263] slli x28,x5,2
Register Write to Reg: 0x1C Val: 0x00000008
[inst #1264] add x28,x9,x28
Register Write to Reg: 0x1C Val: 0x10010034
[inst #1265] lw x29,0(x28)
Register Write to Reg: 0x1D Val: 0x00000005
[inst #1266] slli x28,x6,2
Register Write to Reg: 0x1C Val: 0x00000018
[inst #1267] add x28,x9,x28
Register Write to Reg: 0x1C Val: 0x10010044
[inst #1268] lw x30,0(x28)
Register Write to Reg: 0x1E Val: 0x00000003
[inst #1269] bge x30,x29,24
[inst #1270] slli x28,x7,2
Register Write to Reg: 0x1C Val: 0x0000000C
[inst #1271] add x28,x8,x28
Register Write to Reg: 0x1C Val: 0x10010010
[inst #1272] sw x30,0(x28)
Memory Write to Addr: 0x10010010 Val: 0x00000003
[inst #1273] addi x6,x6,1
Register Write to Reg: 0x06 Val: 0x00000007
[inst #1274] jal x0,20
Register Write to Reg: 0x00 Val: 0x00400140
[inst #1275] addi x7,x7,1
Register Write to Reg: 0x07 Val: 0x00000004
[inst #1276] jal x0,-76
Register Write to Reg: 0x00 Val: 0x00400158
[inst #1277] bge x5,x21,80
[inst #1278] bge x6,x22,116
[inst #1279] slli x28,x5,2
Register Write to Reg: 0x1C Val: 0x00000008
[inst #1280] add x28,x9,x28
Register Write to Reg: 0x1C Val: 0x10010034
[inst #1281] lw x29,0(x28)
Register Write to Reg: 0x1D Val: 0x00000005
[inst #1282] slli x28,x6,2
Register Write to Reg: 0x1C Val: 0x0000001C
[inst #1283] add x28,x9,x28
Register Write to Reg: 0x1C Val: 0x10010048
[inst #1284] lw x30,0(x28)
Register Write to Reg: 0x1E Val: 0x00000003
[inst #1285] bge x30,x29,24
[inst #1286] slli x28,x7,2
Register Write to Reg: 0x1C Val: 0x00000010
[inst #1287] add x28,x8,x28
Register Write to Reg: 0x1C Val: 0x10010014
[inst #1288] sw x30,0(x28)
Memory Write to Addr: 0x10010014 Val: 0x00000003
[inst #1289] addi x6,x6,1
Register Write to Reg: 0x06 Val: 0x00000008
[inst #1290] jal x0,20
Register Write to Reg: 0x00 Val: 0x00400140
[inst #1291] addi x7,x7,1
Register Write to Reg: 0x07 Val: 0x00000005
[inst #1292] jal x0,-76
Register Write to Reg: 0x00 Val: 0x00400158
[inst #1293] bge x5,x21,80
[inst #1294] bge x6,x22,116
[inst #1295] slli x28,x5,2
Register Write to Reg: 0x1C Val: 0x00000008
[inst #1296] add x28,x9,x28
Register Write to Reg: 0x1C Val: 0x10010034
[inst #1297] lw x29,0(x28)
Register Write to Reg: 0x1D Val: 0x00000005
[inst #1298] slli x28,x6,2
Register Write to Reg: 0x1C Val: 0x00000020
[inst #1299] add x28,x9,x28
Register Write to Reg: 0x1C Val: 0x1001004C
[inst #1300] lw x30,0(x28)
Register Write to Reg: 0x1E Val: 0x00000007
[inst #1301] bge x30,x29,24
[inst #1302] slli x28,x7,2
Register Write to Reg: 0x1C Val: 0x00000014
[inst #1303] add x28,x8,x28
Register Write to Reg: 0x1C Val: 0x10010018
[inst #1304] sw x29,0(x28)
Memory Write to Addr: 0x10010018 Val: 0x00000005
[inst #1305] addi x5,x5,1
Register Write to Reg: 0x05 Val: 0x00000003
[inst #1306] addi x7,x7,1
Register Write to Reg: 0x07 Val: 0x00000006
[inst #1307] jal x0,-76
Register Write to Reg: 0x00 Val: 0x00400158
[inst #1308] bge x5,x21,80
[inst #1309] bge x6,x22,116
[inst #1310] slli x28,x5,2
Register Write to Reg: 0x1C Val: 0x0000000C
[inst #1311] add x28,x9,x28
Register Write to Reg: 0x1C Val: 0x10010038
[inst #1312] lw x29,0(x28)
Register Write to Reg: 0x1D Val: 0x00000008
[inst #1313] slli x28,x6,2
Register Write to Reg: 0x1C Val: 0x00000020
[inst #1314] add x28,x9,x28
Register Write to Reg: 0x1C Val: 0x1001004C
[inst #1315] lw x30,0(x28)
Register Write to Reg: 0x1E Val: 0x00000007
[inst #1316] bge x30,x29,24
[inst #1317] slli x28,x7,2
Register Write to Reg: 0x1C Val: 0x00000018
[inst #1318] add x28,x8,x28
Register Write to Reg: 0x1C Val: 0x1001001C
[inst #1319] sw x30,0(x28)
Memory Write to Addr: 0x1001001C Val: 0x00000007
[inst #1320] addi x6,x6,1
Register Write to Reg: 0x06 Val: 0x00000009
[inst #1321] jal x0,20
Register Write to Reg: 0x00 Val: 0x00400140
[inst #1322] addi x7,x7,1
Register Write to Reg: 0x07 Val: 0x00000007
[inst #1323] jal x0,-76
Register Write to Reg: 0x00 Val: 0x00400158
[inst #1324] bge x5,x21,80
[inst #1325] bge x6,x22,116
[inst #1326] slli x28,x5,2
Register Write to Reg: 0x1C Val: 0x0000000C
[inst #1327] add x28,x9,x28
Register Write to Reg: 0x1C Val: 0x10010038
[inst #1328] lw x29,0(x28)
Register Write to Reg: 0x1D Val: 0x00000008
[inst #1329] slli x28,x6,2
Register Write to Reg: 0x1C Val: 0x00000024
[inst #1330] add x28,x9,x28
Register Write to Reg: 0x1C Val: 0x10010050
[inst #1331] lw x30,0(x28)
Register Write to Reg: 0x1E Val: 0x00000064
[inst #1332] bge x30,x29,24
[inst #1333] slli x28,x7,2
Register Write to Reg: 0x1C Val: 0x0000001C
[inst #1334] add x28,x8,x28
Register Write to Reg: 0x1C Val: 0x10010020
[inst #1335] sw x29,0(x28)
Memory Write to Addr: 0x10010020 Val: 0x00000008
[inst #1336] addi x5,x5,1
Register Write to Reg: 0x05 Val: 0x00000004
[inst #1337] addi x7,x7,1
Register Write to Reg: 0x07 Val: 0x00000008
[inst #1338] jal x0,-76
Register Write to Reg: 0x00 Val: 0x00400158
[inst #1339] bge x5,x21,80
[inst #1340] bge x6,x22,116
[inst #1341] slli x28,x5,2
Register Write to Reg: 0x1C Val: 0x00000010
[inst #1342] add x28,x9,x28
Register Write to Reg: 0x1C Val: 0x1001003C
[inst #1343] lw x29,0(x28)
Register Write to Reg: 0x1D Val: 0x0000000A
[inst #1344] slli x28,x6,2
Register Write to Reg: 0x1C Val: 0x00000024
[inst #1345] add x28,x9,x28
Register Write to Reg: 0x1C Val: 0x10010050
[inst #1346] lw x30,0(x28)
Register Write to Reg: 0x1E Val: 0x00000064
[inst #1347] bge x30,x29,24
[inst #1348] slli x28,x7,2
Register Write to Reg: 0x1C Val: 0x00000020
[inst #1349] add x28,x8,x28
Register Write to Reg: 0x1C Val: 0x10010024
[inst #1350] sw x29,0(x28)
Memory Write to Addr: 0x10010024 Val: 0x0000000A
[inst #1351] addi x5,x5,1
Register Write to Reg: 0x05 Val: 0x00000005
[inst #1352] addi x7,x7,1
Register Write to Reg: 0x07 Val: 0x00000009
[inst #1353] jal x0,-76
Register Write to Reg: 0x00 Val: 0x00400158
[inst #1354] bge x5,x21,80
[inst #1355] bge x6,x22,80
[inst #1356] slli x28,x6,2
Register Write to Reg: 0x1C Val: 0x00000024
[inst #1357] add x28,x9,x28
Register Write to Reg: 0x1C Val: 0x10010050
[inst #1358] lw x29,0(x28)
Register Write to Reg: 0x1D Val: 0x00000064
[inst #1359] slli x28,x7,2
Register Write to Reg: 0x1C Val: 0x00000024
[inst #1360] add x28,x8,x28
Register Write to Reg: 0x1C Val: 0x10010028
[inst #1361] sw x29,0(x28)
Memory Write to Addr: 0x10010028 Val: 0x00000064
[inst #1362] addi x6,x6,1
Register Write to Reg: 0x06 Val: 0x0000000A
[inst #1363] addi x7,x7,1
Register Write to Reg: 0x07 Val: 0x0000000A
[inst #1364] jal x0,-36
Register Write to Reg: 0x00 Val: 0x00400180
[inst #1365] bge x6,x22,80
[inst #1366] lw x18,0(x2)
Register Write to Reg: 0x12 Val: 0x00000004
[inst #1367] lw x19,4(x2)
Register Write to Reg: 0x13 Val: 0x00000000
[inst #1368] lw x20,8(x2)
Register Write to Reg: 0x14 Val: 0x00000009
[inst #1369] lw x21,12(x2)
Register Write to Reg: 0x15 Val: 0x00000000
[inst #1370] lw x22,16(x2)
Register Write to Reg: 0x16 Val: 0x00000000
[inst #1371] addi x2,x2,20
Register Write to Reg: 0x02 Val: 0x7FFFFFEC
[inst #1372] jalr x0,x1,0
Register Write to Reg: 0x00 Val: 0x004001C4
[inst #1373] lw x1,0(x2)
Register Write to Reg: 0x01 Val: 0x00400030
[inst #1374] lw x18,4(x2)
Register Write to Reg: 0x12 Val: 0x00000000
[inst #1375] lw x19,8(x2)
Register Write to Reg: 0x13 Val: 0x00000000
[inst #1376] lw x20,12(x2)
Register Write to Reg: 0x14 Val: 0x00000000
[inst #1377] addi x2,x2,16
Register Write to Reg: 0x02 Val: 0x7FFFFFFC
[inst #1378] jalr x0,x1,0
Register Write to Reg: 0x00 Val: 0x004000AC
[inst #1379] addi x17,x0,10
Register Write to Reg: 0x11 Val: 0x0000000A
[inst #1380] ecall 

Program terminated by calling exit
